{"/home/bao/Private/Demo/Haravan-Libs/mongoqueue/src/index.ts": {"path":"/home/bao/Private/Demo/Haravan-Libs/mongoqueue/src/index.ts","statementMap":{"0":{"start":{"line":1,"column":0},"end":{"line":1,"column":8}},"1":{"start":{"line":5,"column":8},"end":{"line":1,"column":54}},"2":{"start":{"line":3,"column":0},"end":{"line":3,"column":40}},"3":{"start":{"line":8,"column":0},"end":{"line":8,"column":13}},"4":{"start":{"line":14,"column":8},"end":{"line":14,"column":null}},"5":{"start":{"line":17,"column":11},"end":{"line":20,"column":null}},"6":{"start":{"line":19,"column":8},"end":{"line":19,"column":null}},"7":{"start":{"line":22,"column":11},"end":{"line":33,"column":null}},"8":{"start":{"line":24,"column":8},"end":{"line":32,"column":null}},"9":{"start":{"line":26,"column":12},"end":{"line":26,"column":null}},"10":{"start":{"line":31,"column":12},"end":{"line":31,"column":null}},"11":{"start":{"line":34,"column":0},"end":{"line":34,"column":null}},"12":{"start":{"line":8,"column":13},"end":{"line":8,"column":23}}},"fnMap":{"0":{"name":"(anonymous_4)","decl":{"start":{"line":5,"column":8},"end":{"line":5,"column":25}},"loc":{"start":{"line":5,"column":8},"end":{"line":1,"column":54}}},"1":{"name":"(anonymous_5)","decl":{"start":{"line":8,"column":0},"end":{"line":8,"column":13}},"loc":{"start":{"line":8,"column":0},"end":{"line":34,"column":null}}},"2":{"name":"MongoQueue","decl":{"start":{"line":12,"column":4},"end":{"line":12,"column":16}},"loc":{"start":{"line":12,"column":52},"end":{"line":15,"column":5}}},"3":{"name":"(anonymous_7)","decl":{"start":{"line":17,"column":4},"end":{"line":17,"column":11}},"loc":{"start":{"line":17,"column":4},"end":{"line":20,"column":5}}},"4":{"name":"(anonymous_8)","decl":{"start":{"line":22,"column":4},"end":{"line":22,"column":11}},"loc":{"start":{"line":22,"column":52},"end":{"line":33,"column":5}}}},"branchMap":{"0":{"loc":{"start":{"line":24,"column":8},"end":{"line":32,"column":null}},"type":"if","locations":[{"start":{"line":24,"column":8},"end":{"line":32,"column":null}},{"start":{"line":30,"column":8},"end":{"line":32,"column":null}}]}},"s":{"0":1,"1":1,"2":1,"3":1,"4":1,"5":1,"6":1,"7":1,"8":0,"9":0,"10":0,"11":1,"12":1},"f":{"0":0,"1":1,"2":1,"3":1,"4":0},"b":{"0":[0,0]}}
,"/home/bao/Private/Demo/Haravan-Libs/mongoqueue/src/mongoqueue.service.ts": {"path":"/home/bao/Private/Demo/Haravan-Libs/mongoqueue/src/mongoqueue.service.ts","statementMap":{"0":{"start":{"line":1,"column":0},"end":{"line":1,"column":61}},"1":{"start":{"line":5,"column":0},"end":{"line":5,"column":13}},"2":{"start":{"line":28,"column":6},"end":{"line":28,"column":null}},"3":{"start":{"line":29,"column":6},"end":{"line":29,"column":null}},"4":{"start":{"line":30,"column":6},"end":{"line":30,"column":null}},"5":{"start":{"line":9,"column":4},"end":{"line":12,"column":null}},"6":{"start":{"line":11,"column":8},"end":{"line":11,"column":null}},"7":{"start":{"line":14,"column":4},"end":{"line":20,"column":null}},"8":{"start":{"line":16,"column":8},"end":{"line":19,"column":null}},"9":{"start":{"line":18,"column":10},"end":{"line":18,"column":null}},"10":{"start":{"line":34,"column":17},"end":{"line":36,"column":null}},"11":{"start":{"line":35,"column":13},"end":{"line":35,"column":null}},"12":{"start":{"line":35,"column":6},"end":{"line":35,"column":null}},"13":{"start":{"line":38,"column":17},"end":{"line":50,"column":null}},"14":{"start":{"line":39,"column":12},"end":{"line":43,"column":null}},"15":{"start":{"line":45,"column":12},"end":{"line":47,"column":null}},"16":{"start":{"line":48,"column":12},"end":{"line":48,"column":null}},"17":{"start":{"line":49,"column":13},"end":{"line":49,"column":null}},"18":{"start":{"line":49,"column":6},"end":{"line":49,"column":null}},"19":{"start":{"line":52,"column":17},"end":{"line":59,"column":null}},"20":{"start":{"line":52,"column":53},"end":{"line":52,"column":null}},"21":{"start":{"line":53,"column":12},"end":{"line":57,"column":null}},"22":{"start":{"line":58,"column":13},"end":{"line":58,"column":null}},"23":{"start":{"line":58,"column":6},"end":{"line":58,"column":null}},"24":{"start":{"line":61,"column":17},"end":{"line":63,"column":null}},"25":{"start":{"line":62,"column":13},"end":{"line":62,"column":null}},"26":{"start":{"line":62,"column":6},"end":{"line":62,"column":null}},"27":{"start":{"line":66,"column":17},"end":{"line":68,"column":null}},"28":{"start":{"line":67,"column":13},"end":{"line":67,"column":null}},"29":{"start":{"line":67,"column":6},"end":{"line":67,"column":null}},"30":{"start":{"line":70,"column":17},"end":{"line":88,"column":null}},"31":{"start":{"line":72,"column":12},"end":{"line":73,"column":null}},"32":{"start":{"line":74,"column":21},"end":{"line":74,"column":null}},"33":{"start":{"line":74,"column":12},"end":{"line":74,"column":null}},"34":{"start":{"line":77,"column":10},"end":{"line":77,"column":16}},"35":{"start":{"line":80,"column":14},"end":{"line":80,"column":null}},"36":{"start":{"line":81,"column":14},"end":{"line":83,"column":null}},"37":{"start":{"line":84,"column":15},"end":{"line":84,"column":null}},"38":{"start":{"line":84,"column":8},"end":{"line":84,"column":null}},"39":{"start":{"line":87,"column":8},"end":{"line":87,"column":null}},"40":{"start":{"line":90,"column":17},"end":{"line":92,"column":null}},"41":{"start":{"line":90,"column":51},"end":{"line":90,"column":null}},"42":{"start":{"line":91,"column":13},"end":{"line":91,"column":null}},"43":{"start":{"line":91,"column":6},"end":{"line":91,"column":null}},"44":{"start":{"line":94,"column":17},"end":{"line":96,"column":null}},"45":{"start":{"line":95,"column":13},"end":{"line":95,"column":null}},"46":{"start":{"line":95,"column":6},"end":{"line":95,"column":null}},"47":{"start":{"line":98,"column":17},"end":{"line":117,"column":null}},"48":{"start":{"line":104,"column":12},"end":{"line":105,"column":null}},"49":{"start":{"line":107,"column":18},"end":{"line":107,"column":null}},"50":{"start":{"line":107,"column":12},"end":{"line":107,"column":null}},"51":{"start":{"line":110,"column":12},"end":{"line":110,"column":null}},"52":{"start":{"line":111,"column":12},"end":{"line":111,"column":null}},"53":{"start":{"line":112,"column":12},"end":{"line":112,"column":null}},"54":{"start":{"line":113,"column":6},"end":{"line":113,"column":null}},"55":{"start":{"line":116,"column":6},"end":{"line":116,"column":null}},"56":{"start":{"line":119,"column":17},"end":{"line":125,"column":null}},"57":{"start":{"line":120,"column":12},"end":{"line":120,"column":null}},"58":{"start":{"line":121,"column":12},"end":{"line":121,"column":null}},"59":{"start":{"line":122,"column":12},"end":{"line":122,"column":null}},"60":{"start":{"line":124,"column":13},"end":{"line":124,"column":null}},"61":{"start":{"line":124,"column":6},"end":{"line":124,"column":null}},"62":{"start":{"line":127,"column":17},"end":{"line":133,"column":null}},"63":{"start":{"line":128,"column":12},"end":{"line":128,"column":null}},"64":{"start":{"line":129,"column":12},"end":{"line":129,"column":null}},"65":{"start":{"line":130,"column":12},"end":{"line":130,"column":null}},"66":{"start":{"line":132,"column":13},"end":{"line":132,"column":null}},"67":{"start":{"line":132,"column":6},"end":{"line":132,"column":null}},"68":{"start":{"line":7,"column":19},"end":{"line":7,"column":null}},"69":{"start":{"line":134,"column":0},"end":{"line":134,"column":null}},"70":{"start":{"line":5,"column":13},"end":{"line":5,"column":30}}},"fnMap":{"0":{"name":"(anonymous_13)","decl":{"start":{"line":5,"column":0},"end":{"line":5,"column":13}},"loc":{"start":{"line":5,"column":0},"end":{"line":5,"column":13}}},"1":{"name":"MongoQueueService","decl":{"start":{"line":26,"column":4},"end":{"line":26,"column":16}},"loc":{"start":{"line":26,"column":44},"end":{"line":31,"column":5}}},"2":{"name":"(anonymous_15)","decl":{"start":{"line":9,"column":4},"end":{"line":9,"column":22}},"loc":{"start":{"line":9,"column":4},"end":{"line":12,"column":5}}},"3":{"name":"(anonymous_16)","decl":{"start":{"line":14,"column":4},"end":{"line":14,"column":22}},"loc":{"start":{"line":14,"column":36},"end":{"line":20,"column":5}}},"4":{"name":"(anonymous_17)","decl":{"start":{"line":34,"column":4},"end":{"line":34,"column":17}},"loc":{"start":{"line":34,"column":38},"end":{"line":36,"column":null}}},"5":{"name":"(anonymous_20)","decl":{"start":{"line":38,"column":4},"end":{"line":38,"column":17}},"loc":{"start":{"line":38,"column":37},"end":{"line":50,"column":null}}},"6":{"name":"(anonymous_23)","decl":{"start":{"line":52,"column":4},"end":{"line":52,"column":17}},"loc":{"start":{"line":52,"column":67},"end":{"line":59,"column":null}}},"7":{"name":"(anonymous_26)","decl":{"start":{"line":61,"column":4},"end":{"line":61,"column":17}},"loc":{"start":{"line":61,"column":38},"end":{"line":63,"column":null}}},"8":{"name":"(anonymous_29)","decl":{"start":{"line":66,"column":4},"end":{"line":66,"column":17}},"loc":{"start":{"line":66,"column":36},"end":{"line":68,"column":null}}},"9":{"name":"(anonymous_32)","decl":{"start":{"line":70,"column":4},"end":{"line":70,"column":17}},"loc":{"start":{"line":70,"column":35},"end":{"line":88,"column":null}}},"10":{"name":"(anonymous_35)","decl":{"start":{"line":90,"column":4},"end":{"line":90,"column":17}},"loc":{"start":{"line":90,"column":65},"end":{"line":92,"column":null}}},"11":{"name":"(anonymous_38)","decl":{"start":{"line":94,"column":4},"end":{"line":94,"column":17}},"loc":{"start":{"line":94,"column":37},"end":{"line":96,"column":null}}},"12":{"name":"(anonymous_41)","decl":{"start":{"line":98,"column":4},"end":{"line":98,"column":17}},"loc":{"start":{"line":98,"column":42},"end":{"line":117,"column":null}}},"13":{"name":"(anonymous_44)","decl":{"start":{"line":119,"column":4},"end":{"line":119,"column":17}},"loc":{"start":{"line":119,"column":35},"end":{"line":125,"column":null}}},"14":{"name":"(anonymous_47)","decl":{"start":{"line":127,"column":4},"end":{"line":127,"column":17}},"loc":{"start":{"line":127,"column":40},"end":{"line":133,"column":null}}}},"branchMap":{"0":{"loc":{"start":{"line":35,"column":13},"end":{"line":35,"column":null}},"type":"switch","locations":[{"start":{"line":35,"column":13},"end":{"line":35,"column":null}},{"start":{"line":35,"column":6},"end":{"line":35,"column":null}}]},"1":{"loc":{"start":{"line":49,"column":6},"end":{"line":49,"column":null}},"type":"switch","locations":[{"start":{"line":49,"column":6},"end":{"line":49,"column":null}}]},"2":{"loc":{"start":{"line":42,"column":16},"end":{"line":42,"column":32}},"type":"cond-expr","locations":[{"start":{"line":42,"column":27},"end":{"line":42,"column":31}},{"start":{"line":42,"column":31},"end":{"line":42,"column":32}}]},"3":{"loc":{"start":{"line":42,"column":16},"end":{"line":42,"column":31}},"type":"binary-expr","locations":[{"start":{"line":42,"column":16},"end":{"line":42,"column":31}},{"start":{"line":42,"column":27},"end":{"line":42,"column":31}}]},"4":{"loc":{"start":{"line":43,"column":18},"end":{"line":43,"column":37}},"type":"cond-expr","locations":[{"start":{"line":43,"column":32},"end":{"line":43,"column":36}},{"start":{"line":43,"column":36},"end":{"line":43,"column":37}}]},"5":{"loc":{"start":{"line":43,"column":18},"end":{"line":43,"column":36}},"type":"binary-expr","locations":[{"start":{"line":43,"column":18},"end":{"line":43,"column":36}},{"start":{"line":43,"column":32},"end":{"line":43,"column":36}}]},"6":{"loc":{"start":{"line":52,"column":53},"end":{"line":52,"column":null}},"type":"if","locations":[{"start":{"line":52,"column":53},"end":{"line":52,"column":null}}]},"7":{"loc":{"start":{"line":58,"column":6},"end":{"line":58,"column":null}},"type":"switch","locations":[{"start":{"line":58,"column":6},"end":{"line":58,"column":null}}]},"8":{"loc":{"start":{"line":56,"column":15},"end":{"line":56,"column":31}},"type":"cond-expr","locations":[{"start":{"line":56,"column":26},"end":{"line":56,"column":30}},{"start":{"line":56,"column":30},"end":{"line":56,"column":31}}]},"9":{"loc":{"start":{"line":56,"column":15},"end":{"line":56,"column":30}},"type":"binary-expr","locations":[{"start":{"line":56,"column":15},"end":{"line":56,"column":30}},{"start":{"line":56,"column":26},"end":{"line":56,"column":30}}]},"10":{"loc":{"start":{"line":57,"column":18},"end":{"line":57,"column":37}},"type":"cond-expr","locations":[{"start":{"line":57,"column":32},"end":{"line":57,"column":36}},{"start":{"line":57,"column":36},"end":{"line":57,"column":37}}]},"11":{"loc":{"start":{"line":57,"column":18},"end":{"line":57,"column":36}},"type":"binary-expr","locations":[{"start":{"line":57,"column":18},"end":{"line":57,"column":36}},{"start":{"line":57,"column":32},"end":{"line":57,"column":36}}]},"12":{"loc":{"start":{"line":62,"column":13},"end":{"line":62,"column":null}},"type":"switch","locations":[{"start":{"line":62,"column":13},"end":{"line":62,"column":null}},{"start":{"line":62,"column":6},"end":{"line":62,"column":null}}]},"13":{"loc":{"start":{"line":67,"column":13},"end":{"line":67,"column":null}},"type":"switch","locations":[{"start":{"line":67,"column":13},"end":{"line":67,"column":null}},{"start":{"line":67,"column":6},"end":{"line":67,"column":null}}]},"14":{"loc":{"start":{"line":84,"column":8},"end":{"line":84,"column":null}},"type":"switch","locations":[{"start":{"line":84,"column":8},"end":{"line":84,"column":null}},{"start":{"line":87,"column":8},"end":{"line":87,"column":null}}]},"15":{"loc":{"start":{"line":77,"column":10},"end":{"line":77,"column":16}},"type":"if","locations":[{"start":{"line":77,"column":10},"end":{"line":77,"column":16}}]},"16":{"loc":{"start":{"line":90,"column":51},"end":{"line":90,"column":null}},"type":"if","locations":[{"start":{"line":90,"column":51},"end":{"line":90,"column":null}}]},"17":{"loc":{"start":{"line":91,"column":13},"end":{"line":91,"column":null}},"type":"switch","locations":[{"start":{"line":91,"column":13},"end":{"line":91,"column":null}},{"start":{"line":91,"column":6},"end":{"line":91,"column":null}}]},"18":{"loc":{"start":{"line":95,"column":13},"end":{"line":95,"column":null}},"type":"switch","locations":[{"start":{"line":95,"column":13},"end":{"line":95,"column":null}},{"start":{"line":95,"column":6},"end":{"line":95,"column":null}}]},"19":{"loc":{"start":{"line":110,"column":32},"end":{"line":110,"column":43}},"type":"cond-expr","locations":[{"start":{"line":110,"column":38},"end":{"line":110,"column":40}},{"start":{"line":110,"column":38},"end":{"line":110,"column":43}}]},"20":{"loc":{"start":{"line":110,"column":32},"end":{"line":110,"column":40}},"type":"binary-expr","locations":[{"start":{"line":110,"column":32},"end":{"line":110,"column":40}},{"start":{"line":110,"column":38},"end":{"line":110,"column":40}}]},"21":{"loc":{"start":{"line":124,"column":6},"end":{"line":124,"column":null}},"type":"switch","locations":[{"start":{"line":124,"column":6},"end":{"line":124,"column":null}}]},"22":{"loc":{"start":{"line":132,"column":6},"end":{"line":132,"column":null}},"type":"switch","locations":[{"start":{"line":132,"column":6},"end":{"line":132,"column":null}}]}},"s":{"0":1,"1":1,"2":1,"3":1,"4":1,"5":1,"6":0,"7":1,"8":0,"9":0,"10":1,"11":0,"12":0,"13":1,"14":1,"15":1,"16":1,"17":1,"18":1,"19":1,"20":0,"21":0,"22":0,"23":0,"24":1,"25":0,"26":0,"27":1,"28":0,"29":0,"30":1,"31":0,"32":0,"33":0,"34":0,"35":0,"36":0,"37":0,"38":0,"39":0,"40":1,"41":0,"42":0,"43":0,"44":1,"45":0,"46":0,"47":1,"48":0,"49":0,"50":0,"51":0,"52":0,"53":0,"54":0,"55":0,"56":1,"57":0,"58":0,"59":0,"60":0,"61":0,"62":1,"63":0,"64":0,"65":0,"66":0,"67":0,"68":1,"69":1,"70":1},"f":{"0":1,"1":1,"2":0,"3":0,"4":0,"5":1,"6":0,"7":0,"8":0,"9":0,"10":0,"11":0,"12":0,"13":0,"14":0},"b":{"0":[0,0],"1":[1],"2":[0,1],"3":[1,1],"4":[0,1],"5":[1,1],"6":[0],"7":[0],"8":[0,0],"9":[0,0],"10":[0,0],"11":[0,0],"12":[0,0],"13":[0,0],"14":[0,0],"15":[0],"16":[0],"17":[0,0],"18":[0,0],"19":[0,0],"20":[0,0],"21":[0],"22":[0]}}
,"/home/bao/Private/Demo/Haravan-Libs/mongoqueue/src/mongoqueue_model_mongo/index.ts": {"path":"/home/bao/Private/Demo/Haravan-Libs/mongoqueue/src/mongoqueue_model_mongo/index.ts","statementMap":{"0":{"start":{"line":1,"column":0},"end":{"line":1,"column":21}},"1":{"start":{"line":2,"column":0},"end":{"line":2,"column":23}},"2":{"start":{"line":3,"column":0},"end":{"line":3,"column":51}}},"fnMap":{},"branchMap":{},"s":{"0":1,"1":1,"2":1},"f":{},"b":{}}
,"/home/bao/Private/Demo/Haravan-Libs/mongoqueue/src/mongoqueue_model_mongo/mongoqueue_model_mongo.connection.ts": {"path":"/home/bao/Private/Demo/Haravan-Libs/mongoqueue/src/mongoqueue_model_mongo/mongoqueue_model_mongo.connection.ts","statementMap":{"0":{"start":{"line":1,"column":0},"end":{"line":1,"column":null}},"1":{"start":{"line":12,"column":0},"end":{"line":12,"column":13}},"2":{"start":{"line":19,"column":4},"end":{"line":20,"column":null}},"3":{"start":{"line":20,"column":6},"end":{"line":20,"column":null}},"4":{"start":{"line":23,"column":9},"end":{"line":60,"column":null}},"5":{"start":{"line":24,"column":4},"end":{"line":24,"column":null}},"6":{"start":{"line":25,"column":24},"end":{"line":25,"column":41}},"7":{"start":{"line":26,"column":24},"end":{"line":26,"column":44}},"8":{"start":{"line":27,"column":27},"end":{"line":27,"column":96}},"9":{"start":{"line":30,"column":4},"end":{"line":54,"column":null}},"10":{"start":{"line":32,"column":6},"end":{"line":32,"column":null}},"11":{"start":{"line":33,"column":6},"end":{"line":33,"column":null}},"12":{"start":{"line":35,"column":6},"end":{"line":35,"column":null}},"13":{"start":{"line":36,"column":6},"end":{"line":36,"column":null}},"14":{"start":{"line":38,"column":6},"end":{"line":39,"column":null}},"15":{"start":{"line":39,"column":8},"end":{"line":39,"column":49}},"16":{"start":{"line":41,"column":6},"end":{"line":42,"column":null}},"17":{"start":{"line":42,"column":8},"end":{"line":42,"column":51}},"18":{"start":{"line":44,"column":6},"end":{"line":45,"column":null}},"19":{"start":{"line":45,"column":8},"end":{"line":45,"column":52}},"20":{"start":{"line":47,"column":6},"end":{"line":49,"column":null}},"21":{"start":{"line":51,"column":6},"end":{"line":53,"column":null}},"22":{"start":{"line":52,"column":8},"end":{"line":52,"column":null}},"23":{"start":{"line":55,"column":4},"end":{"line":55,"column":null}},"24":{"start":{"line":57,"column":4},"end":{"line":59,"column":null}},"25":{"start":{"line":62,"column":15},"end":{"line":65,"column":null}},"26":{"start":{"line":64,"column":4},"end":{"line":64,"column":null}},"27":{"start":{"line":67,"column":15},"end":{"line":70,"column":null}},"28":{"start":{"line":69,"column":4},"end":{"line":69,"column":null}},"29":{"start":{"line":14,"column":17},"end":{"line":14,"column":null}},"30":{"start":{"line":16,"column":17},"end":{"line":16,"column":null}},"31":{"start":{"line":71,"column":0},"end":{"line":71,"column":null}},"32":{"start":{"line":12,"column":13},"end":{"line":12,"column":18}}},"fnMap":{"0":{"name":"(anonymous_13)","decl":{"start":{"line":12,"column":0},"end":{"line":12,"column":13}},"loc":{"start":{"line":12,"column":0},"end":{"line":12,"column":13}}},"1":{"name":"Mongo","decl":{"start":{"line":18,"column":2},"end":{"line":18,"column":14}},"loc":{"start":{"line":18,"column":42},"end":{"line":21,"column":3}}},"2":{"name":"(anonymous_15)","decl":{"start":{"line":23,"column":2},"end":{"line":23,"column":9}},"loc":{"start":{"line":23,"column":47},"end":{"line":60,"column":3}}},"3":{"name":"(anonymous_16)","decl":{"start":{"line":38,"column":28},"end":{"line":38,"column":null}},"loc":{"start":{"line":38,"column":28},"end":{"line":39,"column":15}}},"4":{"name":"(anonymous_17)","decl":{"start":{"line":41,"column":35},"end":{"line":41,"column":null}},"loc":{"start":{"line":41,"column":35},"end":{"line":42,"column":15}}},"5":{"name":"(anonymous_18)","decl":{"start":{"line":44,"column":36},"end":{"line":44,"column":null}},"loc":{"start":{"line":44,"column":36},"end":{"line":45,"column":15}}},"6":{"name":"(anonymous_19)","decl":{"start":{"line":47,"column":29},"end":{"line":47,"column":null}},"loc":{"start":{"line":47,"column":29},"end":{"line":49,"column":7}}},"7":{"name":"(anonymous_20)","decl":{"start":{"line":51,"column":29},"end":{"line":51,"column":32}},"loc":{"start":{"line":51,"column":32},"end":{"line":53,"column":7}}},"8":{"name":"(anonymous_21)","decl":{"start":{"line":62,"column":2},"end":{"line":62,"column":15}},"loc":{"start":{"line":62,"column":63},"end":{"line":65,"column":null}}},"9":{"name":"(anonymous_24)","decl":{"start":{"line":67,"column":2},"end":{"line":67,"column":15}},"loc":{"start":{"line":67,"column":2},"end":{"line":70,"column":null}}}},"branchMap":{"0":{"loc":{"start":{"line":19,"column":4},"end":{"line":20,"column":null}},"type":"if","locations":[{"start":{"line":19,"column":4},"end":{"line":20,"column":null}}]},"1":{"loc":{"start":{"line":25,"column":24},"end":{"line":25,"column":41}},"type":"binary-expr","locations":[{"start":{"line":25,"column":24},"end":{"line":25,"column":35}},{"start":{"line":25,"column":39},"end":{"line":25,"column":41}}]},"2":{"loc":{"start":{"line":30,"column":4},"end":{"line":54,"column":null}},"type":"if","locations":[{"start":{"line":30,"column":4},"end":{"line":54,"column":null}}]},"3":{"loc":{"start":{"line":35,"column":37},"end":{"line":35,"column":68}},"type":"cond-expr","locations":[{"start":{"line":35,"column":49},"end":{"line":35,"column":51}},{"start":{"line":35,"column":49},"end":{"line":35,"column":68}}]},"4":{"loc":{"start":{"line":35,"column":37},"end":{"line":35,"column":51}},"type":"binary-expr","locations":[{"start":{"line":35,"column":37},"end":{"line":35,"column":51}},{"start":{"line":35,"column":49},"end":{"line":35,"column":51}}]},"5":{"loc":{"start":{"line":69,"column":4},"end":{"line":69,"column":null}},"type":"switch","locations":[{"start":{"line":69,"column":4},"end":{"line":69,"column":null}}]}},"s":{"0":1,"1":1,"2":2,"3":2,"4":1,"5":2,"6":2,"7":2,"8":2,"9":2,"10":1,"11":1,"12":1,"13":1,"14":1,"15":1,"16":1,"17":0,"18":1,"19":1,"20":1,"21":1,"22":0,"23":2,"24":2,"25":1,"26":1,"27":1,"28":2,"29":1,"30":1,"31":1,"32":1},"f":{"0":1,"1":2,"2":2,"3":1,"4":0,"5":1,"6":1,"7":0,"8":1,"9":1},"b":{"0":[2],"1":[2,0],"2":[1],"3":[0,1],"4":[1,1],"5":[1]}}
,"/home/bao/Private/Demo/Haravan-Libs/mongoqueue/src/mongoqueue_model_mongo/job/index.ts": {"path":"/home/bao/Private/Demo/Haravan-Libs/mongoqueue/src/mongoqueue_model_mongo/job/index.ts","statementMap":{"0":{"start":{"line":1,"column":0},"end":{"line":1,"column":59}},"1":{"start":{"line":4,"column":0},"end":{"line":4,"column":13}},"2":{"start":{"line":10,"column":8},"end":{"line":10,"column":null}},"3":{"start":{"line":13,"column":11},"end":{"line":15,"column":null}},"4":{"start":{"line":14,"column":8},"end":{"line":14,"column":null}},"5":{"start":{"line":17,"column":0},"end":{"line":17,"column":null}},"6":{"start":{"line":4,"column":13},"end":{"line":4,"column":21}}},"fnMap":{"0":{"name":"(anonymous_0)","decl":{"start":{"line":4,"column":0},"end":{"line":4,"column":13}},"loc":{"start":{"line":4,"column":0},"end":{"line":17,"column":null}}},"1":{"name":"JobModel","decl":{"start":{"line":8,"column":4},"end":{"line":8,"column":16}},"loc":{"start":{"line":8,"column":45},"end":{"line":11,"column":5}}},"2":{"name":"(anonymous_2)","decl":{"start":{"line":13,"column":4},"end":{"line":13,"column":11}},"loc":{"start":{"line":13,"column":4},"end":{"line":15,"column":5}}}},"branchMap":{},"s":{"0":1,"1":1,"2":1,"3":1,"4":1,"5":1,"6":1},"f":{"0":1,"1":1,"2":1},"b":{}}
,"/home/bao/Private/Demo/Haravan-Libs/mongoqueue/src/mongoqueue_model_mongo/job/job_model_mongo.constant.ts": {"path":"/home/bao/Private/Demo/Haravan-Libs/mongoqueue/src/mongoqueue_model_mongo/job/job_model_mongo.constant.ts","statementMap":{"0":{"start":{"line":1,"column":13},"end":{"line":1,"column":37}}},"fnMap":{},"branchMap":{},"s":{"0":1},"f":{},"b":{}}
,"/home/bao/Private/Demo/Haravan-Libs/mongoqueue/src/mongoqueue_model_mongo/job/job_model_mongo.schema.ts": {"path":"/home/bao/Private/Demo/Haravan-Libs/mongoqueue/src/mongoqueue_model_mongo/job/job_model_mongo.schema.ts","statementMap":{"0":{"start":{"line":1,"column":0},"end":{"line":1,"column":null}},"1":{"start":{"line":5,"column":0},"end":{"line":5,"column":57}},"2":{"start":{"line":7,"column":14},"end":{"line":36,"column":null}},"3":{"start":{"line":40,"column":2},"end":{"line":50,"column":null}}},"fnMap":{},"branchMap":{},"s":{"0":1,"1":1,"2":1,"3":1},"f":{},"b":{}}
,"/home/bao/Private/Demo/Haravan-Libs/mongoqueue/src/mongoqueue_model_mongo/job/job_model_mongo.service.ts": {"path":"/home/bao/Private/Demo/Haravan-Libs/mongoqueue/src/mongoqueue_model_mongo/job/job_model_mongo.service.ts","statementMap":{"0":{"start":{"line":1,"column":0},"end":{"line":1,"column":null}},"1":{"start":{"line":4,"column":0},"end":{"line":4,"column":58}},"2":{"start":{"line":5,"column":0},"end":{"line":5,"column":50}},"3":{"start":{"line":8,"column":0},"end":{"line":8,"column":13}},"4":{"start":{"line":12,"column":4},"end":{"line":12,"column":null}},"5":{"start":{"line":15,"column":16},"end":{"line":22,"column":null}},"6":{"start":{"line":16,"column":10},"end":{"line":16,"column":null}},"7":{"start":{"line":17,"column":10},"end":{"line":17,"column":null}},"8":{"start":{"line":19,"column":10},"end":{"line":19,"column":79}},"9":{"start":{"line":20,"column":21},"end":{"line":20,"column":42}},"10":{"start":{"line":20,"column":21},"end":{"line":20,"column":27}},"11":{"start":{"line":20,"column":42},"end":{"line":20,"column":null}},"12":{"start":{"line":20,"column":10},"end":{"line":20,"column":null}},"13":{"start":{"line":21,"column":4},"end":{"line":21,"column":null}},"14":{"start":{"line":24,"column":15},"end":{"line":27,"column":null}},"15":{"start":{"line":25,"column":23},"end":{"line":25,"column":null}},"16":{"start":{"line":25,"column":11},"end":{"line":25,"column":23}},"17":{"start":{"line":26,"column":11},"end":{"line":26,"column":null}},"18":{"start":{"line":26,"column":4},"end":{"line":26,"column":null}},"19":{"start":{"line":29,"column":15},"end":{"line":32,"column":null}},"20":{"start":{"line":29,"column":23},"end":{"line":29,"column":null}},"21":{"start":{"line":30,"column":25},"end":{"line":30,"column":null}},"22":{"start":{"line":30,"column":13},"end":{"line":30,"column":25}},"23":{"start":{"line":31,"column":13},"end":{"line":31,"column":null}},"24":{"start":{"line":31,"column":6},"end":{"line":31,"column":null}},"25":{"start":{"line":34,"column":15},"end":{"line":37,"column":null}},"26":{"start":{"line":34,"column":47},"end":{"line":34,"column":null}},"27":{"start":{"line":35,"column":23},"end":{"line":35,"column":null}},"28":{"start":{"line":35,"column":11},"end":{"line":35,"column":23}},"29":{"start":{"line":36,"column":11},"end":{"line":36,"column":null}},"30":{"start":{"line":36,"column":4},"end":{"line":36,"column":null}},"31":{"start":{"line":39,"column":15},"end":{"line":42,"column":null}},"32":{"start":{"line":39,"column":56},"end":{"line":39,"column":null}},"33":{"start":{"line":40,"column":23},"end":{"line":40,"column":null}},"34":{"start":{"line":40,"column":11},"end":{"line":40,"column":23}},"35":{"start":{"line":41,"column":11},"end":{"line":41,"column":null}},"36":{"start":{"line":41,"column":4},"end":{"line":41,"column":null}},"37":{"start":{"line":44,"column":15},"end":{"line":47,"column":null}},"38":{"start":{"line":45,"column":23},"end":{"line":45,"column":null}},"39":{"start":{"line":45,"column":11},"end":{"line":45,"column":23}},"40":{"start":{"line":46,"column":11},"end":{"line":46,"column":null}},"41":{"start":{"line":46,"column":4},"end":{"line":46,"column":null}},"42":{"start":{"line":49,"column":15},"end":{"line":57,"column":null}},"43":{"start":{"line":50,"column":8},"end":{"line":50,"column":9}},"44":{"start":{"line":52,"column":27},"end":{"line":52,"column":null}},"45":{"start":{"line":52,"column":15},"end":{"line":52,"column":27}},"46":{"start":{"line":53,"column":15},"end":{"line":53,"column":null}},"47":{"start":{"line":53,"column":8},"end":{"line":53,"column":null}},"48":{"start":{"line":56,"column":8},"end":{"line":56,"column":null}},"49":{"start":{"line":58,"column":0},"end":{"line":58,"column":null}},"50":{"start":{"line":8,"column":13},"end":{"line":8,"column":28}}},"fnMap":{"0":{"name":"(anonymous_13)","decl":{"start":{"line":8,"column":0},"end":{"line":8,"column":13}},"loc":{"start":{"line":8,"column":0},"end":{"line":58,"column":null}}},"1":{"name":"JobModelService","decl":{"start":{"line":10,"column":2},"end":{"line":10,"column":14}},"loc":{"start":{"line":10,"column":42},"end":{"line":13,"column":3}}},"2":{"name":"(anonymous_15)","decl":{"start":{"line":15,"column":2},"end":{"line":15,"column":16}},"loc":{"start":{"line":15,"column":2},"end":{"line":22,"column":null}}},"3":{"name":"(anonymous_18)","decl":{"start":{"line":24,"column":2},"end":{"line":24,"column":15}},"loc":{"start":{"line":24,"column":31},"end":{"line":27,"column":null}}},"4":{"name":"(anonymous_21)","decl":{"start":{"line":29,"column":2},"end":{"line":29,"column":15}},"loc":{"start":{"line":29,"column":36},"end":{"line":32,"column":null}}},"5":{"name":"(anonymous_24)","decl":{"start":{"line":34,"column":2},"end":{"line":34,"column":15}},"loc":{"start":{"line":34,"column":60},"end":{"line":37,"column":null}}},"6":{"name":"(anonymous_27)","decl":{"start":{"line":39,"column":2},"end":{"line":39,"column":15}},"loc":{"start":{"line":39,"column":69},"end":{"line":42,"column":null}}},"7":{"name":"(anonymous_30)","decl":{"start":{"line":44,"column":2},"end":{"line":44,"column":15}},"loc":{"start":{"line":44,"column":33},"end":{"line":47,"column":null}}},"8":{"name":"(anonymous_33)","decl":{"start":{"line":49,"column":2},"end":{"line":49,"column":15}},"loc":{"start":{"line":49,"column":34},"end":{"line":57,"column":null}}}},"branchMap":{"0":{"loc":{"start":{"line":19,"column":22},"end":{"line":19,"column":78}},"type":"cond-expr","locations":[{"start":{"line":19,"column":42},"end":{"line":19,"column":73}},{"start":{"line":19,"column":74},"end":{"line":19,"column":78}}]},"1":{"loc":{"start":{"line":19,"column":22},"end":{"line":19,"column":41}},"type":"cond-expr","locations":[{"start":{"line":19,"column":33},"end":{"line":19,"column":35}},{"start":{"line":19,"column":33},"end":{"line":19,"column":41}}]},"2":{"loc":{"start":{"line":19,"column":22},"end":{"line":19,"column":35}},"type":"binary-expr","locations":[{"start":{"line":19,"column":22},"end":{"line":19,"column":35}},{"start":{"line":19,"column":33},"end":{"line":19,"column":35}}]},"3":{"loc":{"start":{"line":20,"column":21},"end":{"line":20,"column":27}},"type":"if","locations":[{"start":{"line":20,"column":21},"end":{"line":20,"column":27}}]},"4":{"loc":{"start":{"line":25,"column":23},"end":{"line":25,"column":null}},"type":"switch","locations":[{"start":{"line":25,"column":23},"end":{"line":25,"column":null}},{"start":{"line":26,"column":4},"end":{"line":26,"column":null}}]},"5":{"loc":{"start":{"line":29,"column":23},"end":{"line":29,"column":null}},"type":"if","locations":[{"start":{"line":29,"column":23},"end":{"line":29,"column":null}}]},"6":{"loc":{"start":{"line":30,"column":25},"end":{"line":30,"column":null}},"type":"switch","locations":[{"start":{"line":30,"column":25},"end":{"line":30,"column":null}},{"start":{"line":31,"column":6},"end":{"line":31,"column":null}}]},"7":{"loc":{"start":{"line":34,"column":47},"end":{"line":34,"column":null}},"type":"if","locations":[{"start":{"line":34,"column":47},"end":{"line":34,"column":null}}]},"8":{"loc":{"start":{"line":35,"column":23},"end":{"line":35,"column":null}},"type":"switch","locations":[{"start":{"line":35,"column":23},"end":{"line":35,"column":null}},{"start":{"line":36,"column":4},"end":{"line":36,"column":null}}]},"9":{"loc":{"start":{"line":39,"column":56},"end":{"line":39,"column":null}},"type":"if","locations":[{"start":{"line":39,"column":56},"end":{"line":39,"column":null}}]},"10":{"loc":{"start":{"line":40,"column":23},"end":{"line":40,"column":null}},"type":"switch","locations":[{"start":{"line":40,"column":23},"end":{"line":40,"column":null}},{"start":{"line":41,"column":4},"end":{"line":41,"column":null}}]},"11":{"loc":{"start":{"line":45,"column":23},"end":{"line":45,"column":null}},"type":"switch","locations":[{"start":{"line":45,"column":23},"end":{"line":45,"column":null}},{"start":{"line":46,"column":4},"end":{"line":46,"column":null}}]},"12":{"loc":{"start":{"line":53,"column":8},"end":{"line":53,"column":null}},"type":"switch","locations":[{"start":{"line":53,"column":8},"end":{"line":53,"column":null}},{"start":{"line":56,"column":8},"end":{"line":56,"column":null}}]},"13":{"loc":{"start":{"line":50,"column":8},"end":{"line":50,"column":9}},"type":"if","locations":[{"start":{"line":50,"column":8},"end":{"line":50,"column":9}}]}},"s":{"0":1,"1":1,"2":1,"3":1,"4":1,"5":1,"6":0,"7":0,"8":0,"9":0,"10":0,"11":0,"12":0,"13":0,"14":1,"15":0,"16":0,"17":0,"18":0,"19":1,"20":0,"21":0,"22":0,"23":0,"24":0,"25":1,"26":0,"27":0,"28":0,"29":0,"30":0,"31":1,"32":0,"33":0,"34":0,"35":0,"36":0,"37":1,"38":0,"39":0,"40":0,"41":0,"42":1,"43":0,"44":0,"45":0,"46":0,"47":0,"48":0,"49":1,"50":1},"f":{"0":1,"1":1,"2":0,"3":0,"4":0,"5":0,"6":0,"7":0,"8":0},"b":{"0":[0,0],"1":[0,0],"2":[0,0],"3":[0],"4":[0,0],"5":[0],"6":[0,0],"7":[0],"8":[0,0],"9":[0],"10":[0,0],"11":[0,0],"12":[0,0],"13":[0]}}
,"/home/bao/Private/Demo/Haravan-Libs/mongoqueue/src/mongoqueue_model_mongo/queue/index.ts": {"path":"/home/bao/Private/Demo/Haravan-Libs/mongoqueue/src/mongoqueue_model_mongo/queue/index.ts","statementMap":{"0":{"start":{"line":1,"column":0},"end":{"line":1,"column":63}},"1":{"start":{"line":3,"column":0},"end":{"line":3,"column":13}},"2":{"start":{"line":8,"column":8},"end":{"line":8,"column":null}},"3":{"start":{"line":11,"column":11},"end":{"line":13,"column":null}},"4":{"start":{"line":12,"column":8},"end":{"line":12,"column":null}},"5":{"start":{"line":15,"column":0},"end":{"line":15,"column":null}},"6":{"start":{"line":3,"column":13},"end":{"line":3,"column":23}}},"fnMap":{"0":{"name":"(anonymous_0)","decl":{"start":{"line":3,"column":0},"end":{"line":3,"column":13}},"loc":{"start":{"line":3,"column":0},"end":{"line":15,"column":null}}},"1":{"name":"QueueModel","decl":{"start":{"line":6,"column":4},"end":{"line":6,"column":16}},"loc":{"start":{"line":6,"column":44},"end":{"line":9,"column":5}}},"2":{"name":"(anonymous_2)","decl":{"start":{"line":11,"column":4},"end":{"line":11,"column":11}},"loc":{"start":{"line":11,"column":4},"end":{"line":13,"column":5}}}},"branchMap":{},"s":{"0":1,"1":1,"2":1,"3":1,"4":1,"5":1,"6":1},"f":{"0":1,"1":1,"2":1},"b":{}}
,"/home/bao/Private/Demo/Haravan-Libs/mongoqueue/src/mongoqueue_model_mongo/queue/queue_model_mongo.schema.ts": {"path":"/home/bao/Private/Demo/Haravan-Libs/mongoqueue/src/mongoqueue_model_mongo/queue/queue_model_mongo.schema.ts","statementMap":{"0":{"start":{"line":1,"column":0},"end":{"line":1,"column":null}},"1":{"start":{"line":5,"column":14},"end":{"line":27,"column":null}}},"fnMap":{},"branchMap":{},"s":{"0":1,"1":1},"f":{},"b":{}}
,"/home/bao/Private/Demo/Haravan-Libs/mongoqueue/src/mongoqueue_model_mongo/queue/queue_model_mongo.service.ts": {"path":"/home/bao/Private/Demo/Haravan-Libs/mongoqueue/src/mongoqueue_model_mongo/queue/queue_model_mongo.service.ts","statementMap":{"0":{"start":{"line":1,"column":0},"end":{"line":1,"column":null}},"1":{"start":{"line":4,"column":0},"end":{"line":4,"column":58}},"2":{"start":{"line":5,"column":0},"end":{"line":5,"column":54}},"3":{"start":{"line":8,"column":0},"end":{"line":8,"column":13}},"4":{"start":{"line":12,"column":4},"end":{"line":13,"column":null}},"5":{"start":{"line":13,"column":6},"end":{"line":13,"column":null}},"6":{"start":{"line":16,"column":2},"end":{"line":19,"column":null}},"7":{"start":{"line":18,"column":4},"end":{"line":18,"column":null}},"8":{"start":{"line":21,"column":16},"end":{"line":28,"column":null}},"9":{"start":{"line":22,"column":10},"end":{"line":22,"column":null}},"10":{"start":{"line":23,"column":10},"end":{"line":23,"column":null}},"11":{"start":{"line":25,"column":10},"end":{"line":25,"column":79}},"12":{"start":{"line":26,"column":23},"end":{"line":26,"column":44}},"13":{"start":{"line":26,"column":23},"end":{"line":26,"column":29}},"14":{"start":{"line":26,"column":44},"end":{"line":26,"column":null}},"15":{"start":{"line":26,"column":10},"end":{"line":26,"column":null}},"16":{"start":{"line":27,"column":4},"end":{"line":27,"column":null}},"17":{"start":{"line":30,"column":15},"end":{"line":33,"column":null}},"18":{"start":{"line":31,"column":25},"end":{"line":31,"column":null}},"19":{"start":{"line":31,"column":11},"end":{"line":31,"column":25}},"20":{"start":{"line":32,"column":11},"end":{"line":32,"column":null}},"21":{"start":{"line":32,"column":4},"end":{"line":32,"column":null}},"22":{"start":{"line":35,"column":15},"end":{"line":38,"column":null}},"23":{"start":{"line":35,"column":25},"end":{"line":35,"column":null}},"24":{"start":{"line":36,"column":27},"end":{"line":36,"column":null}},"25":{"start":{"line":36,"column":13},"end":{"line":36,"column":27}},"26":{"start":{"line":37,"column":13},"end":{"line":37,"column":null}},"27":{"start":{"line":37,"column":6},"end":{"line":37,"column":null}},"28":{"start":{"line":40,"column":15},"end":{"line":43,"column":null}},"29":{"start":{"line":40,"column":49},"end":{"line":40,"column":null}},"30":{"start":{"line":41,"column":25},"end":{"line":41,"column":null}},"31":{"start":{"line":41,"column":11},"end":{"line":41,"column":25}},"32":{"start":{"line":42,"column":11},"end":{"line":42,"column":null}},"33":{"start":{"line":42,"column":4},"end":{"line":42,"column":null}},"34":{"start":{"line":45,"column":15},"end":{"line":48,"column":null}},"35":{"start":{"line":45,"column":58},"end":{"line":45,"column":null}},"36":{"start":{"line":46,"column":25},"end":{"line":46,"column":null}},"37":{"start":{"line":46,"column":11},"end":{"line":46,"column":25}},"38":{"start":{"line":47,"column":11},"end":{"line":47,"column":null}},"39":{"start":{"line":47,"column":4},"end":{"line":47,"column":null}},"40":{"start":{"line":50,"column":15},"end":{"line":53,"column":null}},"41":{"start":{"line":51,"column":25},"end":{"line":51,"column":null}},"42":{"start":{"line":51,"column":11},"end":{"line":51,"column":25}},"43":{"start":{"line":52,"column":11},"end":{"line":52,"column":null}},"44":{"start":{"line":52,"column":4},"end":{"line":52,"column":null}},"45":{"start":{"line":55,"column":15},"end":{"line":63,"column":null}},"46":{"start":{"line":56,"column":8},"end":{"line":56,"column":9}},"47":{"start":{"line":58,"column":29},"end":{"line":58,"column":null}},"48":{"start":{"line":58,"column":15},"end":{"line":58,"column":29}},"49":{"start":{"line":59,"column":15},"end":{"line":59,"column":null}},"50":{"start":{"line":59,"column":8},"end":{"line":59,"column":null}},"51":{"start":{"line":62,"column":8},"end":{"line":62,"column":null}},"52":{"start":{"line":64,"column":0},"end":{"line":64,"column":null}},"53":{"start":{"line":8,"column":13},"end":{"line":8,"column":30}}},"fnMap":{"0":{"name":"(anonymous_13)","decl":{"start":{"line":8,"column":0},"end":{"line":8,"column":13}},"loc":{"start":{"line":8,"column":0},"end":{"line":64,"column":null}}},"1":{"name":"QueueModelService","decl":{"start":{"line":10,"column":2},"end":{"line":10,"column":14}},"loc":{"start":{"line":10,"column":43},"end":{"line":14,"column":3}}},"2":{"name":"(anonymous_15)","decl":{"start":{"line":16,"column":2},"end":{"line":16,"column":13}},"loc":{"start":{"line":16,"column":47},"end":{"line":19,"column":3}}},"3":{"name":"(anonymous_16)","decl":{"start":{"line":21,"column":2},"end":{"line":21,"column":16}},"loc":{"start":{"line":21,"column":2},"end":{"line":28,"column":null}}},"4":{"name":"(anonymous_19)","decl":{"start":{"line":30,"column":2},"end":{"line":30,"column":15}},"loc":{"start":{"line":30,"column":33},"end":{"line":33,"column":null}}},"5":{"name":"(anonymous_22)","decl":{"start":{"line":35,"column":2},"end":{"line":35,"column":15}},"loc":{"start":{"line":35,"column":38},"end":{"line":38,"column":null}}},"6":{"name":"(anonymous_25)","decl":{"start":{"line":40,"column":2},"end":{"line":40,"column":15}},"loc":{"start":{"line":40,"column":62},"end":{"line":43,"column":null}}},"7":{"name":"(anonymous_28)","decl":{"start":{"line":45,"column":2},"end":{"line":45,"column":15}},"loc":{"start":{"line":45,"column":71},"end":{"line":48,"column":null}}},"8":{"name":"(anonymous_31)","decl":{"start":{"line":50,"column":2},"end":{"line":50,"column":15}},"loc":{"start":{"line":50,"column":35},"end":{"line":53,"column":null}}},"9":{"name":"(anonymous_34)","decl":{"start":{"line":55,"column":2},"end":{"line":55,"column":15}},"loc":{"start":{"line":55,"column":36},"end":{"line":63,"column":null}}}},"branchMap":{"0":{"loc":{"start":{"line":12,"column":4},"end":{"line":13,"column":null}},"type":"if","locations":[{"start":{"line":12,"column":4},"end":{"line":13,"column":null}}]},"1":{"loc":{"start":{"line":25,"column":22},"end":{"line":25,"column":78}},"type":"cond-expr","locations":[{"start":{"line":25,"column":42},"end":{"line":25,"column":73}},{"start":{"line":25,"column":74},"end":{"line":25,"column":78}}]},"2":{"loc":{"start":{"line":25,"column":22},"end":{"line":25,"column":41}},"type":"cond-expr","locations":[{"start":{"line":25,"column":33},"end":{"line":25,"column":35}},{"start":{"line":25,"column":33},"end":{"line":25,"column":41}}]},"3":{"loc":{"start":{"line":25,"column":22},"end":{"line":25,"column":35}},"type":"binary-expr","locations":[{"start":{"line":25,"column":22},"end":{"line":25,"column":35}},{"start":{"line":25,"column":33},"end":{"line":25,"column":35}}]},"4":{"loc":{"start":{"line":26,"column":23},"end":{"line":26,"column":29}},"type":"if","locations":[{"start":{"line":26,"column":23},"end":{"line":26,"column":29}}]},"5":{"loc":{"start":{"line":31,"column":25},"end":{"line":31,"column":null}},"type":"switch","locations":[{"start":{"line":31,"column":25},"end":{"line":31,"column":null}},{"start":{"line":32,"column":4},"end":{"line":32,"column":null}}]},"6":{"loc":{"start":{"line":35,"column":25},"end":{"line":35,"column":null}},"type":"if","locations":[{"start":{"line":35,"column":25},"end":{"line":35,"column":null}}]},"7":{"loc":{"start":{"line":36,"column":27},"end":{"line":36,"column":null}},"type":"switch","locations":[{"start":{"line":36,"column":27},"end":{"line":36,"column":null}},{"start":{"line":37,"column":6},"end":{"line":37,"column":null}}]},"8":{"loc":{"start":{"line":40,"column":49},"end":{"line":40,"column":null}},"type":"if","locations":[{"start":{"line":40,"column":49},"end":{"line":40,"column":null}}]},"9":{"loc":{"start":{"line":41,"column":25},"end":{"line":41,"column":null}},"type":"switch","locations":[{"start":{"line":41,"column":25},"end":{"line":41,"column":null}},{"start":{"line":42,"column":4},"end":{"line":42,"column":null}}]},"10":{"loc":{"start":{"line":45,"column":58},"end":{"line":45,"column":null}},"type":"if","locations":[{"start":{"line":45,"column":58},"end":{"line":45,"column":null}}]},"11":{"loc":{"start":{"line":46,"column":25},"end":{"line":46,"column":null}},"type":"switch","locations":[{"start":{"line":46,"column":25},"end":{"line":46,"column":null}},{"start":{"line":47,"column":4},"end":{"line":47,"column":null}}]},"12":{"loc":{"start":{"line":51,"column":25},"end":{"line":51,"column":null}},"type":"switch","locations":[{"start":{"line":51,"column":25},"end":{"line":51,"column":null}},{"start":{"line":52,"column":4},"end":{"line":52,"column":null}}]},"13":{"loc":{"start":{"line":59,"column":8},"end":{"line":59,"column":null}},"type":"switch","locations":[{"start":{"line":59,"column":8},"end":{"line":59,"column":null}},{"start":{"line":62,"column":8},"end":{"line":62,"column":null}}]},"14":{"loc":{"start":{"line":56,"column":8},"end":{"line":56,"column":9}},"type":"if","locations":[{"start":{"line":56,"column":8},"end":{"line":56,"column":9}}]}},"s":{"0":1,"1":1,"2":1,"3":1,"4":1,"5":1,"6":1,"7":0,"8":1,"9":1,"10":1,"11":1,"12":1,"13":1,"14":2,"15":1,"16":1,"17":1,"18":0,"19":0,"20":0,"21":0,"22":1,"23":0,"24":0,"25":0,"26":0,"27":0,"28":1,"29":0,"30":0,"31":0,"32":0,"33":0,"34":1,"35":1,"36":1,"37":1,"38":1,"39":1,"40":1,"41":0,"42":0,"43":0,"44":0,"45":1,"46":0,"47":0,"48":0,"49":0,"50":0,"51":0,"52":1,"53":1},"f":{"0":1,"1":1,"2":0,"3":1,"4":0,"5":0,"6":0,"7":1,"8":0,"9":0},"b":{"0":[1],"1":[1,0],"2":[0,1],"3":[1,1],"4":[0],"5":[0,0],"6":[0],"7":[0,0],"8":[0],"9":[0,0],"10":[0],"11":[1,1],"12":[0,0],"13":[0,0],"14":[0]}}
}
