{"/home/bao/Private/Demo/Haravan-Libs/mongoqueue/index.ts": {"path":"/home/bao/Private/Demo/Haravan-Libs/mongoqueue/index.ts","statementMap":{"0":{"start":{"line":1,"column":0},"end":{"line":1,"column":8}},"1":{"start":{"line":4,"column":8},"end":{"line":1,"column":54}},"2":{"start":{"line":13,"column":8},"end":{"line":13,"column":null}},"3":{"start":{"line":18,"column":8},"end":{"line":18,"column":null}},"4":{"start":{"line":23,"column":8},"end":{"line":31,"column":null}},"5":{"start":{"line":25,"column":12},"end":{"line":25,"column":null}},"6":{"start":{"line":30,"column":12},"end":{"line":30,"column":null}},"7":{"start":{"line":7,"column":0},"end":{"line":7,"column":13}}},"fnMap":{"0":{"name":"(anonymous_0)","decl":{"start":{"line":4,"column":8},"end":{"line":4,"column":25}},"loc":{"start":{"line":4,"column":8},"end":{"line":1,"column":54}}},"1":{"name":"(anonymous_1)","decl":{"start":{"line":11,"column":4},"end":{"line":11,"column":16}},"loc":{"start":{"line":11,"column":52},"end":{"line":14,"column":5}}},"2":{"name":"(anonymous_2)","decl":{"start":{"line":16,"column":11},"end":{"line":16,"column":31}},"loc":{"start":{"line":16,"column":31},"end":{"line":19,"column":5}}},"3":{"name":"(anonymous_3)","decl":{"start":{"line":21,"column":11},"end":{"line":21,"column":19}},"loc":{"start":{"line":21,"column":52},"end":{"line":32,"column":5}}}},"branchMap":{"0":{"loc":{"start":{"line":23,"column":8},"end":{"line":31,"column":null}},"type":"if","locations":[{"start":{"line":23,"column":8},"end":{"line":31,"column":null}},{"start":{"line":29,"column":8},"end":{"line":31,"column":null}}]}},"s":{"0":1,"1":1,"2":1,"3":1,"4":0,"5":0,"6":0,"7":1},"f":{"0":0,"1":1,"2":1,"3":0},"b":{"0":[0,0]}}
,"/home/bao/Private/Demo/Haravan-Libs/mongoqueue/mongoqueue.service.ts": {"path":"/home/bao/Private/Demo/Haravan-Libs/mongoqueue/mongoqueue.service.ts","statementMap":{"0":{"start":{"line":1,"column":0},"end":{"line":1,"column":61}},"1":{"start":{"line":29,"column":6},"end":{"line":29,"column":null}},"2":{"start":{"line":30,"column":6},"end":{"line":30,"column":null}},"3":{"start":{"line":31,"column":6},"end":{"line":31,"column":null}},"4":{"start":{"line":12,"column":8},"end":{"line":12,"column":null}},"5":{"start":{"line":17,"column":8},"end":{"line":20,"column":null}},"6":{"start":{"line":19,"column":10},"end":{"line":19,"column":null}},"7":{"start":{"line":36,"column":6},"end":{"line":36,"column":null}},"8":{"start":{"line":40,"column":21},"end":{"line":44,"column":null}},"9":{"start":{"line":46,"column":21},"end":{"line":48,"column":null}},"10":{"start":{"line":49,"column":23},"end":{"line":49,"column":27}},"11":{"start":{"line":50,"column":6},"end":{"line":50,"column":null}},"12":{"start":{"line":54,"column":24},"end":{"line":58,"column":null}},"13":{"start":{"line":59,"column":6},"end":{"line":59,"column":null}},"14":{"start":{"line":63,"column":6},"end":{"line":63,"column":null}},"15":{"start":{"line":68,"column":6},"end":{"line":68,"column":null}},"16":{"start":{"line":73,"column":21},"end":{"line":74,"column":16}},"17":{"start":{"line":75,"column":21},"end":{"line":75,"column":49}},"18":{"start":{"line":78,"column":6},"end":{"line":88,"column":null}},"19":{"start":{"line":81,"column":25},"end":{"line":81,"column":29}},"20":{"start":{"line":82,"column":23},"end":{"line":84,"column":22}},"21":{"start":{"line":85,"column":8},"end":{"line":85,"column":null}},"22":{"start":{"line":88,"column":8},"end":{"line":88,"column":null}},"23":{"start":{"line":92,"column":6},"end":{"line":92,"column":null}},"24":{"start":{"line":96,"column":6},"end":{"line":96,"column":null}},"25":{"start":{"line":105,"column":21},"end":{"line":106,"column":15}},"26":{"start":{"line":108,"column":18},"end":{"line":108,"column":55}},"27":{"start":{"line":111,"column":27},"end":{"line":111,"column":44}},"28":{"start":{"line":112,"column":19},"end":{"line":112,"column":29}},"29":{"start":{"line":113,"column":23},"end":{"line":113,"column":28}},"30":{"start":{"line":114,"column":6},"end":{"line":114,"column":null}},"31":{"start":{"line":117,"column":6},"end":{"line":117,"column":null}},"32":{"start":{"line":121,"column":21},"end":{"line":121,"column":29}},"33":{"start":{"line":122,"column":19},"end":{"line":122,"column":21}},"34":{"start":{"line":123,"column":23},"end":{"line":123,"column":28}},"35":{"start":{"line":125,"column":6},"end":{"line":125,"column":null}},"36":{"start":{"line":129,"column":21},"end":{"line":129,"column":29}},"37":{"start":{"line":130,"column":19},"end":{"line":130,"column":29}},"38":{"start":{"line":131,"column":23},"end":{"line":131,"column":28}},"39":{"start":{"line":133,"column":6},"end":{"line":133,"column":null}},"40":{"start":{"line":6,"column":0},"end":{"line":6,"column":13}},"41":{"start":{"line":8,"column":19},"end":{"line":8,"column":null}}},"fnMap":{"0":{"name":"(anonymous_7)","decl":{"start":{"line":27,"column":4},"end":{"line":27,"column":16}},"loc":{"start":{"line":27,"column":44},"end":{"line":32,"column":5}}},"1":{"name":"(anonymous_8)","decl":{"start":{"line":10,"column":11},"end":{"line":10,"column":17}},"loc":{"start":{"line":10,"column":27},"end":{"line":13,"column":5}}},"2":{"name":"(anonymous_9)","decl":{"start":{"line":15,"column":11},"end":{"line":15,"column":17}},"loc":{"start":{"line":15,"column":36},"end":{"line":21,"column":5}}},"3":{"name":"(anonymous_10)","decl":{"start":{"line":35,"column":17},"end":{"line":35,"column":26}},"loc":{"start":{"line":35,"column":38},"end":{"line":37,"column":null}}},"4":{"name":"(anonymous_12)","decl":{"start":{"line":39,"column":17},"end":{"line":39,"column":28}},"loc":{"start":{"line":39,"column":37},"end":{"line":51,"column":null}}},"5":{"name":"(anonymous_14)","decl":{"start":{"line":53,"column":17},"end":{"line":53,"column":28}},"loc":{"start":{"line":53,"column":67},"end":{"line":60,"column":null}}},"6":{"name":"(anonymous_16)","decl":{"start":{"line":62,"column":17},"end":{"line":62,"column":28}},"loc":{"start":{"line":62,"column":38},"end":{"line":64,"column":null}}},"7":{"name":"(anonymous_18)","decl":{"start":{"line":67,"column":17},"end":{"line":67,"column":24}},"loc":{"start":{"line":67,"column":36},"end":{"line":69,"column":null}}},"8":{"name":"(anonymous_20)","decl":{"start":{"line":71,"column":17},"end":{"line":71,"column":26}},"loc":{"start":{"line":71,"column":35},"end":{"line":89,"column":null}}},"9":{"name":"(anonymous_22)","decl":{"start":{"line":91,"column":17},"end":{"line":91,"column":26}},"loc":{"start":{"line":91,"column":65},"end":{"line":93,"column":null}}},"10":{"name":"(anonymous_24)","decl":{"start":{"line":95,"column":17},"end":{"line":95,"column":26}},"loc":{"start":{"line":95,"column":37},"end":{"line":97,"column":null}}},"11":{"name":"(anonymous_26)","decl":{"start":{"line":99,"column":17},"end":{"line":99,"column":24}},"loc":{"start":{"line":99,"column":42},"end":{"line":118,"column":null}}},"12":{"name":"(anonymous_28)","decl":{"start":{"line":120,"column":17},"end":{"line":120,"column":24}},"loc":{"start":{"line":120,"column":35},"end":{"line":126,"column":null}}},"13":{"name":"(anonymous_30)","decl":{"start":{"line":128,"column":17},"end":{"line":128,"column":29}},"loc":{"start":{"line":128,"column":40},"end":{"line":134,"column":null}}}},"branchMap":{"0":{"loc":{"start":{"line":43,"column":16},"end":{"line":43,"column":32}},"type":"cond-expr","locations":[{"start":{"line":43,"column":27},"end":{"line":43,"column":31}},{"start":{"line":43,"column":31},"end":{"line":43,"column":32}}]},"1":{"loc":{"start":{"line":43,"column":16},"end":{"line":43,"column":31}},"type":"binary-expr","locations":[{"start":{"line":43,"column":16},"end":{"line":43,"column":31}},{"start":{"line":43,"column":27},"end":{"line":43,"column":31}}]},"2":{"loc":{"start":{"line":44,"column":18},"end":{"line":44,"column":37}},"type":"cond-expr","locations":[{"start":{"line":44,"column":32},"end":{"line":44,"column":36}},{"start":{"line":44,"column":36},"end":{"line":44,"column":37}}]},"3":{"loc":{"start":{"line":44,"column":18},"end":{"line":44,"column":36}},"type":"binary-expr","locations":[{"start":{"line":44,"column":18},"end":{"line":44,"column":36}},{"start":{"line":44,"column":32},"end":{"line":44,"column":36}}]},"4":{"loc":{"start":{"line":53,"column":53},"end":{"line":53,"column":67}},"type":"default-arg","locations":[{"start":{"line":53,"column":62},"end":{"line":53,"column":67}}]},"5":{"loc":{"start":{"line":57,"column":15},"end":{"line":57,"column":31}},"type":"cond-expr","locations":[{"start":{"line":57,"column":26},"end":{"line":57,"column":30}},{"start":{"line":57,"column":30},"end":{"line":57,"column":31}}]},"6":{"loc":{"start":{"line":57,"column":15},"end":{"line":57,"column":30}},"type":"binary-expr","locations":[{"start":{"line":57,"column":15},"end":{"line":57,"column":30}},{"start":{"line":57,"column":26},"end":{"line":57,"column":30}}]},"7":{"loc":{"start":{"line":58,"column":18},"end":{"line":58,"column":37}},"type":"cond-expr","locations":[{"start":{"line":58,"column":32},"end":{"line":58,"column":36}},{"start":{"line":58,"column":36},"end":{"line":58,"column":37}}]},"8":{"loc":{"start":{"line":58,"column":18},"end":{"line":58,"column":36}},"type":"binary-expr","locations":[{"start":{"line":58,"column":18},"end":{"line":58,"column":36}},{"start":{"line":58,"column":32},"end":{"line":58,"column":36}}]},"9":{"loc":{"start":{"line":78,"column":6},"end":{"line":88,"column":null}},"type":"if","locations":[{"start":{"line":78,"column":6},"end":{"line":88,"column":null}},{"start":{"line":88,"column":8},"end":{"line":88,"column":null}}]},"10":{"loc":{"start":{"line":91,"column":51},"end":{"line":91,"column":65}},"type":"default-arg","locations":[{"start":{"line":91,"column":60},"end":{"line":91,"column":65}}]},"11":{"loc":{"start":{"line":111,"column":32},"end":{"line":111,"column":43}},"type":"cond-expr","locations":[{"start":{"line":111,"column":38},"end":{"line":111,"column":40}},{"start":{"line":111,"column":38},"end":{"line":111,"column":43}}]},"12":{"loc":{"start":{"line":111,"column":32},"end":{"line":111,"column":40}},"type":"binary-expr","locations":[{"start":{"line":111,"column":32},"end":{"line":111,"column":40}},{"start":{"line":111,"column":38},"end":{"line":111,"column":40}}]}},"s":{"0":1,"1":1,"2":1,"3":1,"4":0,"5":0,"6":0,"7":0,"8":1,"9":1,"10":1,"11":1,"12":0,"13":0,"14":0,"15":0,"16":0,"17":0,"18":0,"19":0,"20":0,"21":0,"22":0,"23":0,"24":0,"25":0,"26":0,"27":0,"28":0,"29":0,"30":0,"31":0,"32":0,"33":0,"34":0,"35":0,"36":0,"37":0,"38":0,"39":0,"40":1,"41":1},"f":{"0":1,"1":0,"2":0,"3":0,"4":1,"5":0,"6":0,"7":0,"8":0,"9":0,"10":0,"11":0,"12":0,"13":0},"b":{"0":[0,1],"1":[1,1],"2":[0,1],"3":[1,1],"4":[0],"5":[0,0],"6":[0,0],"7":[0,0],"8":[0,0],"9":[0,0],"10":[0],"11":[0,0],"12":[0,0]}}
,"/home/bao/Private/Demo/Haravan-Libs/mongoqueue/mongoqueue_model_mongo/index.ts": {"path":"/home/bao/Private/Demo/Haravan-Libs/mongoqueue/mongoqueue_model_mongo/index.ts","statementMap":{"0":{"start":{"line":1,"column":0},"end":{"line":1,"column":21}},"1":{"start":{"line":2,"column":0},"end":{"line":2,"column":23}}},"fnMap":{},"branchMap":{},"s":{"0":1,"1":1},"f":{},"b":{}}
,"/home/bao/Private/Demo/Haravan-Libs/mongoqueue/mongoqueue_model_mongo/mongoqueue_model_mongo.connection.ts": {"path":"/home/bao/Private/Demo/Haravan-Libs/mongoqueue/mongoqueue_model_mongo/mongoqueue_model_mongo.connection.ts","statementMap":{"0":{"start":{"line":1,"column":0},"end":{"line":1,"column":null}},"1":{"start":{"line":19,"column":4},"end":{"line":20,"column":null}},"2":{"start":{"line":20,"column":6},"end":{"line":20,"column":null}},"3":{"start":{"line":24,"column":4},"end":{"line":24,"column":null}},"4":{"start":{"line":25,"column":24},"end":{"line":25,"column":41}},"5":{"start":{"line":26,"column":24},"end":{"line":26,"column":44}},"6":{"start":{"line":27,"column":27},"end":{"line":27,"column":96}},"7":{"start":{"line":30,"column":4},"end":{"line":53,"column":null}},"8":{"start":{"line":32,"column":6},"end":{"line":32,"column":null}},"9":{"start":{"line":33,"column":6},"end":{"line":33,"column":null}},"10":{"start":{"line":35,"column":6},"end":{"line":35,"column":null}},"11":{"start":{"line":36,"column":6},"end":{"line":36,"column":null}},"12":{"start":{"line":38,"column":6},"end":{"line":39,"column":null}},"13":{"start":{"line":39,"column":8},"end":{"line":39,"column":48}},"14":{"start":{"line":41,"column":6},"end":{"line":42,"column":null}},"15":{"start":{"line":42,"column":8},"end":{"line":42,"column":50}},"16":{"start":{"line":44,"column":6},"end":{"line":45,"column":null}},"17":{"start":{"line":45,"column":8},"end":{"line":45,"column":51}},"18":{"start":{"line":47,"column":6},"end":{"line":48,"column":null}},"19":{"start":{"line":48,"column":8},"end":{"line":48,"column":44}},"20":{"start":{"line":50,"column":6},"end":{"line":52,"column":null}},"21":{"start":{"line":51,"column":8},"end":{"line":51,"column":null}},"22":{"start":{"line":54,"column":4},"end":{"line":54,"column":null}},"23":{"start":{"line":56,"column":4},"end":{"line":58,"column":null}},"24":{"start":{"line":63,"column":4},"end":{"line":63,"column":null}},"25":{"start":{"line":12,"column":0},"end":{"line":12,"column":13}},"26":{"start":{"line":14,"column":17},"end":{"line":14,"column":null}},"27":{"start":{"line":16,"column":17},"end":{"line":16,"column":null}}},"fnMap":{"0":{"name":"(anonymous_7)","decl":{"start":{"line":18,"column":2},"end":{"line":18,"column":14}},"loc":{"start":{"line":18,"column":42},"end":{"line":21,"column":3}}},"1":{"name":"(anonymous_8)","decl":{"start":{"line":23,"column":9},"end":{"line":23,"column":18}},"loc":{"start":{"line":23,"column":47},"end":{"line":59,"column":3}}},"2":{"name":"(anonymous_9)","decl":{"start":{"line":38,"column":28},"end":{"line":38,"column":31}},"loc":{"start":{"line":39,"column":8},"end":{"line":39,"column":48}}},"3":{"name":"(anonymous_10)","decl":{"start":{"line":41,"column":35},"end":{"line":41,"column":38}},"loc":{"start":{"line":42,"column":8},"end":{"line":42,"column":50}}},"4":{"name":"(anonymous_11)","decl":{"start":{"line":44,"column":36},"end":{"line":44,"column":39}},"loc":{"start":{"line":45,"column":8},"end":{"line":45,"column":51}}},"5":{"name":"(anonymous_12)","decl":{"start":{"line":47,"column":29},"end":{"line":47,"column":32}},"loc":{"start":{"line":48,"column":8},"end":{"line":48,"column":44}}},"6":{"name":"(anonymous_13)","decl":{"start":{"line":50,"column":29},"end":{"line":50,"column":32}},"loc":{"start":{"line":50,"column":35},"end":{"line":52,"column":7}}},"7":{"name":"(anonymous_14)","decl":{"start":{"line":61,"column":15},"end":{"line":61,"column":26}},"loc":{"start":{"line":61,"column":63},"end":{"line":64,"column":null}}}},"branchMap":{"0":{"loc":{"start":{"line":19,"column":4},"end":{"line":20,"column":null}},"type":"if","locations":[{"start":{"line":19,"column":4},"end":{"line":20,"column":null}}]},"1":{"loc":{"start":{"line":25,"column":24},"end":{"line":25,"column":41}},"type":"binary-expr","locations":[{"start":{"line":25,"column":24},"end":{"line":25,"column":35}},{"start":{"line":25,"column":39},"end":{"line":25,"column":41}}]},"2":{"loc":{"start":{"line":30,"column":4},"end":{"line":53,"column":null}},"type":"if","locations":[{"start":{"line":30,"column":4},"end":{"line":53,"column":null}}]},"3":{"loc":{"start":{"line":35,"column":37},"end":{"line":35,"column":68}},"type":"cond-expr","locations":[{"start":{"line":35,"column":49},"end":{"line":35,"column":51}},{"start":{"line":35,"column":49},"end":{"line":35,"column":68}}]},"4":{"loc":{"start":{"line":35,"column":37},"end":{"line":35,"column":51}},"type":"binary-expr","locations":[{"start":{"line":35,"column":37},"end":{"line":35,"column":51}},{"start":{"line":35,"column":49},"end":{"line":35,"column":51}}]}},"s":{"0":1,"1":1,"2":1,"3":1,"4":1,"5":1,"6":1,"7":1,"8":1,"9":1,"10":1,"11":1,"12":1,"13":0,"14":1,"15":0,"16":1,"17":0,"18":1,"19":0,"20":1,"21":1,"22":1,"23":1,"24":1,"25":1,"26":1,"27":1},"f":{"0":1,"1":1,"2":0,"3":0,"4":0,"5":0,"6":1,"7":1},"b":{"0":[1],"1":[1,0],"2":[1],"3":[0,1],"4":[1,1]}}
,"/home/bao/Private/Demo/Haravan-Libs/mongoqueue/mongoqueue_model_mongo/job/index.ts": {"path":"/home/bao/Private/Demo/Haravan-Libs/mongoqueue/mongoqueue_model_mongo/job/index.ts","statementMap":{"0":{"start":{"line":1,"column":0},"end":{"line":1,"column":59}},"1":{"start":{"line":10,"column":8},"end":{"line":10,"column":null}},"2":{"start":{"line":14,"column":8},"end":{"line":14,"column":null}},"3":{"start":{"line":4,"column":0},"end":{"line":4,"column":13}}},"fnMap":{"0":{"name":"(anonymous_0)","decl":{"start":{"line":8,"column":4},"end":{"line":8,"column":16}},"loc":{"start":{"line":8,"column":45},"end":{"line":11,"column":5}}},"1":{"name":"(anonymous_1)","decl":{"start":{"line":13,"column":11},"end":{"line":13,"column":29}},"loc":{"start":{"line":13,"column":29},"end":{"line":15,"column":5}}}},"branchMap":{},"s":{"0":1,"1":1,"2":1,"3":1},"f":{"0":1,"1":1},"b":{}}
,"/home/bao/Private/Demo/Haravan-Libs/mongoqueue/mongoqueue_model_mongo/job/job_model_mongo.constant.ts": {"path":"/home/bao/Private/Demo/Haravan-Libs/mongoqueue/mongoqueue_model_mongo/job/job_model_mongo.constant.ts","statementMap":{"0":{"start":{"line":1,"column":13},"end":{"line":1,"column":37}}},"fnMap":{},"branchMap":{},"s":{"0":1},"f":{},"b":{}}
,"/home/bao/Private/Demo/Haravan-Libs/mongoqueue/mongoqueue_model_mongo/job/job_model_mongo.schema.ts": {"path":"/home/bao/Private/Demo/Haravan-Libs/mongoqueue/mongoqueue_model_mongo/job/job_model_mongo.schema.ts","statementMap":{"0":{"start":{"line":1,"column":0},"end":{"line":1,"column":null}},"1":{"start":{"line":5,"column":0},"end":{"line":5,"column":57}},"2":{"start":{"line":7,"column":14},"end":{"line":36,"column":null}},"3":{"start":{"line":40,"column":2},"end":{"line":50,"column":null}}},"fnMap":{},"branchMap":{},"s":{"0":1,"1":1,"2":1,"3":1},"f":{},"b":{}}
,"/home/bao/Private/Demo/Haravan-Libs/mongoqueue/mongoqueue_model_mongo/job/job_model_mongo.service.ts": {"path":"/home/bao/Private/Demo/Haravan-Libs/mongoqueue/mongoqueue_model_mongo/job/job_model_mongo.service.ts","statementMap":{"0":{"start":{"line":1,"column":0},"end":{"line":1,"column":null}},"1":{"start":{"line":4,"column":0},"end":{"line":4,"column":58}},"2":{"start":{"line":5,"column":0},"end":{"line":5,"column":50}},"3":{"start":{"line":12,"column":4},"end":{"line":12,"column":null}},"4":{"start":{"line":16,"column":17},"end":{"line":16,"column":22}},"5":{"start":{"line":17,"column":28},"end":{"line":17,"column":50}},"6":{"start":{"line":19,"column":22},"end":{"line":19,"column":78}},"7":{"start":{"line":20,"column":21},"end":{"line":20,"column":null}},"8":{"start":{"line":21,"column":4},"end":{"line":21,"column":null}},"9":{"start":{"line":25,"column":23},"end":{"line":25,"column":47}},"10":{"start":{"line":26,"column":4},"end":{"line":26,"column":null}},"11":{"start":{"line":30,"column":25},"end":{"line":30,"column":49}},"12":{"start":{"line":31,"column":6},"end":{"line":31,"column":null}},"13":{"start":{"line":35,"column":23},"end":{"line":35,"column":47}},"14":{"start":{"line":36,"column":4},"end":{"line":36,"column":null}},"15":{"start":{"line":40,"column":23},"end":{"line":40,"column":47}},"16":{"start":{"line":41,"column":4},"end":{"line":41,"column":null}},"17":{"start":{"line":45,"column":23},"end":{"line":45,"column":47}},"18":{"start":{"line":46,"column":4},"end":{"line":46,"column":null}},"19":{"start":{"line":50,"column":4},"end":{"line":56,"column":null}},"20":{"start":{"line":52,"column":27},"end":{"line":52,"column":51}},"21":{"start":{"line":53,"column":8},"end":{"line":53,"column":null}},"22":{"start":{"line":56,"column":8},"end":{"line":56,"column":null}},"23":{"start":{"line":8,"column":0},"end":{"line":8,"column":13}}},"fnMap":{"0":{"name":"(anonymous_7)","decl":{"start":{"line":10,"column":2},"end":{"line":10,"column":14}},"loc":{"start":{"line":10,"column":42},"end":{"line":13,"column":3}}},"1":{"name":"(anonymous_8)","decl":{"start":{"line":15,"column":16},"end":{"line":15,"column":27}},"loc":{"start":{"line":15,"column":27},"end":{"line":22,"column":null}}},"2":{"name":"(anonymous_10)","decl":{"start":{"line":24,"column":15},"end":{"line":24,"column":21}},"loc":{"start":{"line":24,"column":31},"end":{"line":27,"column":null}}},"3":{"name":"(anonymous_12)","decl":{"start":{"line":29,"column":15},"end":{"line":29,"column":22}},"loc":{"start":{"line":29,"column":36},"end":{"line":32,"column":null}}},"4":{"name":"(anonymous_14)","decl":{"start":{"line":34,"column":15},"end":{"line":34,"column":24}},"loc":{"start":{"line":34,"column":60},"end":{"line":37,"column":null}}},"5":{"name":"(anonymous_16)","decl":{"start":{"line":39,"column":15},"end":{"line":39,"column":32}},"loc":{"start":{"line":39,"column":69},"end":{"line":42,"column":null}}},"6":{"name":"(anonymous_18)","decl":{"start":{"line":44,"column":15},"end":{"line":44,"column":24}},"loc":{"start":{"line":44,"column":33},"end":{"line":47,"column":null}}},"7":{"name":"(anonymous_20)","decl":{"start":{"line":49,"column":15},"end":{"line":49,"column":24}},"loc":{"start":{"line":49,"column":34},"end":{"line":57,"column":null}}}},"branchMap":{"0":{"loc":{"start":{"line":19,"column":22},"end":{"line":19,"column":78}},"type":"cond-expr","locations":[{"start":{"line":19,"column":42},"end":{"line":19,"column":73}},{"start":{"line":19,"column":74},"end":{"line":19,"column":78}}]},"1":{"loc":{"start":{"line":19,"column":22},"end":{"line":19,"column":41}},"type":"cond-expr","locations":[{"start":{"line":19,"column":33},"end":{"line":19,"column":35}},{"start":{"line":19,"column":33},"end":{"line":19,"column":41}}]},"2":{"loc":{"start":{"line":19,"column":22},"end":{"line":19,"column":35}},"type":"binary-expr","locations":[{"start":{"line":19,"column":22},"end":{"line":19,"column":35}},{"start":{"line":19,"column":33},"end":{"line":19,"column":35}}]},"3":{"loc":{"start":{"line":20,"column":21},"end":{"line":20,"column":null}},"type":"binary-expr","locations":[{"start":{"line":20,"column":21},"end":{"line":20,"column":38}},{"start":{"line":20,"column":42},"end":{"line":20,"column":92}}]},"4":{"loc":{"start":{"line":29,"column":23},"end":{"line":29,"column":36}},"type":"default-arg","locations":[{"start":{"line":29,"column":34},"end":{"line":29,"column":36}}]},"5":{"loc":{"start":{"line":34,"column":47},"end":{"line":34,"column":60}},"type":"default-arg","locations":[{"start":{"line":34,"column":56},"end":{"line":34,"column":60}}]},"6":{"loc":{"start":{"line":39,"column":56},"end":{"line":39,"column":69}},"type":"default-arg","locations":[{"start":{"line":39,"column":65},"end":{"line":39,"column":69}}]},"7":{"loc":{"start":{"line":50,"column":4},"end":{"line":56,"column":null}},"type":"if","locations":[{"start":{"line":50,"column":4},"end":{"line":56,"column":null}},{"start":{"line":56,"column":8},"end":{"line":56,"column":null}}]}},"s":{"0":1,"1":1,"2":1,"3":1,"4":0,"5":0,"6":0,"7":0,"8":0,"9":0,"10":0,"11":0,"12":0,"13":0,"14":0,"15":0,"16":0,"17":0,"18":0,"19":0,"20":0,"21":0,"22":0,"23":1},"f":{"0":1,"1":0,"2":0,"3":0,"4":0,"5":0,"6":0,"7":0},"b":{"0":[0,0],"1":[0,0],"2":[0,0],"3":[0,0],"4":[0],"5":[0],"6":[0],"7":[0,0]}}
,"/home/bao/Private/Demo/Haravan-Libs/mongoqueue/mongoqueue_model_mongo/queue/index.ts": {"path":"/home/bao/Private/Demo/Haravan-Libs/mongoqueue/mongoqueue_model_mongo/queue/index.ts","statementMap":{"0":{"start":{"line":1,"column":0},"end":{"line":1,"column":63}},"1":{"start":{"line":9,"column":8},"end":{"line":9,"column":null}},"2":{"start":{"line":13,"column":8},"end":{"line":13,"column":null}},"3":{"start":{"line":4,"column":0},"end":{"line":4,"column":13}}},"fnMap":{"0":{"name":"(anonymous_0)","decl":{"start":{"line":7,"column":4},"end":{"line":7,"column":16}},"loc":{"start":{"line":7,"column":44},"end":{"line":10,"column":5}}},"1":{"name":"(anonymous_1)","decl":{"start":{"line":12,"column":11},"end":{"line":12,"column":31}},"loc":{"start":{"line":12,"column":31},"end":{"line":14,"column":5}}}},"branchMap":{},"s":{"0":1,"1":1,"2":1,"3":1},"f":{"0":1,"1":1},"b":{}}
,"/home/bao/Private/Demo/Haravan-Libs/mongoqueue/mongoqueue_model_mongo/queue/queue_model_mongo.schema.ts": {"path":"/home/bao/Private/Demo/Haravan-Libs/mongoqueue/mongoqueue_model_mongo/queue/queue_model_mongo.schema.ts","statementMap":{"0":{"start":{"line":1,"column":0},"end":{"line":1,"column":null}},"1":{"start":{"line":5,"column":14},"end":{"line":27,"column":null}}},"fnMap":{},"branchMap":{},"s":{"0":1,"1":1},"f":{},"b":{}}
,"/home/bao/Private/Demo/Haravan-Libs/mongoqueue/mongoqueue_model_mongo/queue/queue_model_mongo.service.ts": {"path":"/home/bao/Private/Demo/Haravan-Libs/mongoqueue/mongoqueue_model_mongo/queue/queue_model_mongo.service.ts","statementMap":{"0":{"start":{"line":1,"column":0},"end":{"line":1,"column":null}},"1":{"start":{"line":4,"column":0},"end":{"line":4,"column":58}},"2":{"start":{"line":5,"column":0},"end":{"line":5,"column":54}},"3":{"start":{"line":12,"column":4},"end":{"line":13,"column":null}},"4":{"start":{"line":13,"column":6},"end":{"line":13,"column":null}},"5":{"start":{"line":18,"column":4},"end":{"line":18,"column":null}},"6":{"start":{"line":22,"column":17},"end":{"line":22,"column":24}},"7":{"start":{"line":23,"column":28},"end":{"line":23,"column":50}},"8":{"start":{"line":25,"column":22},"end":{"line":25,"column":78}},"9":{"start":{"line":26,"column":23},"end":{"line":26,"column":null}},"10":{"start":{"line":27,"column":4},"end":{"line":27,"column":null}},"11":{"start":{"line":31,"column":25},"end":{"line":31,"column":51}},"12":{"start":{"line":32,"column":4},"end":{"line":32,"column":null}},"13":{"start":{"line":36,"column":27},"end":{"line":36,"column":53}},"14":{"start":{"line":37,"column":6},"end":{"line":37,"column":null}},"15":{"start":{"line":41,"column":25},"end":{"line":41,"column":51}},"16":{"start":{"line":42,"column":4},"end":{"line":42,"column":null}},"17":{"start":{"line":46,"column":25},"end":{"line":46,"column":51}},"18":{"start":{"line":47,"column":4},"end":{"line":47,"column":null}},"19":{"start":{"line":51,"column":25},"end":{"line":51,"column":51}},"20":{"start":{"line":52,"column":4},"end":{"line":52,"column":null}},"21":{"start":{"line":56,"column":4},"end":{"line":62,"column":null}},"22":{"start":{"line":58,"column":29},"end":{"line":58,"column":55}},"23":{"start":{"line":59,"column":8},"end":{"line":59,"column":null}},"24":{"start":{"line":62,"column":8},"end":{"line":62,"column":null}},"25":{"start":{"line":8,"column":0},"end":{"line":8,"column":13}}},"fnMap":{"0":{"name":"(anonymous_7)","decl":{"start":{"line":10,"column":2},"end":{"line":10,"column":14}},"loc":{"start":{"line":10,"column":43},"end":{"line":14,"column":3}}},"1":{"name":"(anonymous_8)","decl":{"start":{"line":16,"column":2},"end":{"line":16,"column":13}},"loc":{"start":{"line":16,"column":47},"end":{"line":19,"column":3}}},"2":{"name":"(anonymous_9)","decl":{"start":{"line":21,"column":16},"end":{"line":21,"column":29}},"loc":{"start":{"line":21,"column":29},"end":{"line":28,"column":null}}},"3":{"name":"(anonymous_11)","decl":{"start":{"line":30,"column":15},"end":{"line":30,"column":23}},"loc":{"start":{"line":30,"column":33},"end":{"line":33,"column":null}}},"4":{"name":"(anonymous_13)","decl":{"start":{"line":35,"column":15},"end":{"line":35,"column":24}},"loc":{"start":{"line":35,"column":38},"end":{"line":38,"column":null}}},"5":{"name":"(anonymous_15)","decl":{"start":{"line":40,"column":15},"end":{"line":40,"column":26}},"loc":{"start":{"line":40,"column":62},"end":{"line":43,"column":null}}},"6":{"name":"(anonymous_17)","decl":{"start":{"line":45,"column":15},"end":{"line":45,"column":34}},"loc":{"start":{"line":45,"column":71},"end":{"line":48,"column":null}}},"7":{"name":"(anonymous_19)","decl":{"start":{"line":50,"column":15},"end":{"line":50,"column":26}},"loc":{"start":{"line":50,"column":35},"end":{"line":53,"column":null}}},"8":{"name":"(anonymous_21)","decl":{"start":{"line":55,"column":15},"end":{"line":55,"column":26}},"loc":{"start":{"line":55,"column":36},"end":{"line":63,"column":null}}}},"branchMap":{"0":{"loc":{"start":{"line":12,"column":4},"end":{"line":13,"column":null}},"type":"if","locations":[{"start":{"line":12,"column":4},"end":{"line":13,"column":null}}]},"1":{"loc":{"start":{"line":25,"column":22},"end":{"line":25,"column":78}},"type":"cond-expr","locations":[{"start":{"line":25,"column":42},"end":{"line":25,"column":73}},{"start":{"line":25,"column":74},"end":{"line":25,"column":78}}]},"2":{"loc":{"start":{"line":25,"column":22},"end":{"line":25,"column":41}},"type":"cond-expr","locations":[{"start":{"line":25,"column":33},"end":{"line":25,"column":35}},{"start":{"line":25,"column":33},"end":{"line":25,"column":41}}]},"3":{"loc":{"start":{"line":25,"column":22},"end":{"line":25,"column":35}},"type":"binary-expr","locations":[{"start":{"line":25,"column":22},"end":{"line":25,"column":35}},{"start":{"line":25,"column":33},"end":{"line":25,"column":35}}]},"4":{"loc":{"start":{"line":26,"column":23},"end":{"line":26,"column":null}},"type":"binary-expr","locations":[{"start":{"line":26,"column":23},"end":{"line":26,"column":40}},{"start":{"line":26,"column":44},"end":{"line":26,"column":96}}]},"5":{"loc":{"start":{"line":35,"column":25},"end":{"line":35,"column":38}},"type":"default-arg","locations":[{"start":{"line":35,"column":36},"end":{"line":35,"column":38}}]},"6":{"loc":{"start":{"line":40,"column":49},"end":{"line":40,"column":62}},"type":"default-arg","locations":[{"start":{"line":40,"column":58},"end":{"line":40,"column":62}}]},"7":{"loc":{"start":{"line":45,"column":58},"end":{"line":45,"column":71}},"type":"default-arg","locations":[{"start":{"line":45,"column":67},"end":{"line":45,"column":71}}]},"8":{"loc":{"start":{"line":56,"column":4},"end":{"line":62,"column":null}},"type":"if","locations":[{"start":{"line":56,"column":4},"end":{"line":62,"column":null}},{"start":{"line":62,"column":8},"end":{"line":62,"column":null}}]}},"s":{"0":1,"1":1,"2":1,"3":1,"4":1,"5":0,"6":1,"7":1,"8":1,"9":1,"10":1,"11":0,"12":0,"13":0,"14":0,"15":0,"16":0,"17":1,"18":1,"19":0,"20":0,"21":0,"22":0,"23":0,"24":0,"25":1},"f":{"0":1,"1":0,"2":1,"3":0,"4":0,"5":0,"6":1,"7":0,"8":0},"b":{"0":[1],"1":[1,0],"2":[0,1],"3":[1,1],"4":[1,1],"5":[0],"6":[0],"7":[0],"8":[0,0]}}
}
