TN:
SF:src/index.ts
FN:5,(anonymous_4)
FN:8,(anonymous_5)
FN:12,MongoQueue
FN:17,(anonymous_7)
FN:22,(anonymous_8)
FNF:5
FNH:3
FNDA:0,(anonymous_4)
FNDA:1,(anonymous_5)
FNDA:1,MongoQueue
FNDA:1,(anonymous_7)
FNDA:0,(anonymous_8)
DA:1,1
DA:3,1
DA:5,1
DA:8,1
DA:14,1
DA:17,1
DA:19,1
DA:22,1
DA:24,0
DA:26,0
DA:31,0
DA:34,1
LF:12
LH:9
BRDA:24,0,0,0
BRDA:24,0,1,0
BRF:2
BRH:0
end_of_record
TN:
SF:src/mongoqueue.service.ts
FN:5,(anonymous_13)
FN:26,MongoQueueService
FN:9,(anonymous_15)
FN:14,(anonymous_16)
FN:34,(anonymous_17)
FN:38,(anonymous_20)
FN:52,(anonymous_23)
FN:61,(anonymous_26)
FN:66,(anonymous_29)
FN:70,(anonymous_32)
FN:90,(anonymous_35)
FN:94,(anonymous_38)
FN:98,(anonymous_41)
FN:119,(anonymous_44)
FN:127,(anonymous_47)
FNF:15
FNH:3
FNDA:1,(anonymous_13)
FNDA:1,MongoQueueService
FNDA:0,(anonymous_15)
FNDA:0,(anonymous_16)
FNDA:0,(anonymous_17)
FNDA:1,(anonymous_20)
FNDA:0,(anonymous_23)
FNDA:0,(anonymous_26)
FNDA:0,(anonymous_29)
FNDA:0,(anonymous_32)
FNDA:0,(anonymous_35)
FNDA:0,(anonymous_38)
FNDA:0,(anonymous_41)
FNDA:0,(anonymous_44)
FNDA:0,(anonymous_47)
DA:1,1
DA:5,1
DA:7,1
DA:9,1
DA:11,0
DA:14,1
DA:16,0
DA:18,0
DA:28,1
DA:29,1
DA:30,1
DA:34,1
DA:35,0
DA:38,1
DA:39,1
DA:45,1
DA:48,1
DA:49,1
DA:52,1
DA:53,0
DA:58,0
DA:61,1
DA:62,0
DA:66,1
DA:67,0
DA:70,1
DA:72,0
DA:74,0
DA:77,0
DA:80,0
DA:81,0
DA:84,0
DA:87,0
DA:90,1
DA:91,0
DA:94,1
DA:95,0
DA:98,1
DA:104,0
DA:107,0
DA:110,0
DA:111,0
DA:112,0
DA:113,0
DA:116,0
DA:119,1
DA:120,0
DA:121,0
DA:122,0
DA:124,0
DA:127,1
DA:128,0
DA:129,0
DA:130,0
DA:132,0
DA:134,1
LF:56
LH:24
BRDA:35,0,0,0
BRDA:35,0,1,0
BRDA:49,1,0,1
BRDA:42,2,0,0
BRDA:42,2,1,1
BRDA:42,3,0,1
BRDA:42,3,1,1
BRDA:43,4,0,0
BRDA:43,4,1,1
BRDA:43,5,0,1
BRDA:43,5,1,1
BRDA:52,6,0,0
BRDA:58,7,0,0
BRDA:56,8,0,0
BRDA:56,8,1,0
BRDA:56,9,0,0
BRDA:56,9,1,0
BRDA:57,10,0,0
BRDA:57,10,1,0
BRDA:57,11,0,0
BRDA:57,11,1,0
BRDA:62,12,0,0
BRDA:62,12,1,0
BRDA:67,13,0,0
BRDA:67,13,1,0
BRDA:84,14,0,0
BRDA:84,14,1,0
BRDA:77,15,0,0
BRDA:90,16,0,0
BRDA:91,17,0,0
BRDA:91,17,1,0
BRDA:95,18,0,0
BRDA:95,18,1,0
BRDA:110,19,0,0
BRDA:110,19,1,0
BRDA:110,20,0,0
BRDA:110,20,1,0
BRDA:124,21,0,0
BRDA:132,22,0,0
BRF:39
BRH:7
end_of_record
TN:
SF:src/mongoqueue_model_mongo/index.ts
FNF:0
FNH:0
DA:1,1
DA:2,1
DA:3,1
LF:3
LH:3
BRF:0
BRH:0
end_of_record
TN:
SF:src/mongoqueue_model_mongo/mongoqueue_model_mongo.connection.ts
FN:12,(anonymous_13)
FN:18,Mongo
FN:23,(anonymous_15)
FN:38,(anonymous_16)
FN:41,(anonymous_17)
FN:44,(anonymous_18)
FN:47,(anonymous_19)
FN:51,(anonymous_20)
FN:62,(anonymous_21)
FN:67,(anonymous_24)
FNF:10
FNH:8
FNDA:1,(anonymous_13)
FNDA:2,Mongo
FNDA:2,(anonymous_15)
FNDA:1,(anonymous_16)
FNDA:0,(anonymous_17)
FNDA:1,(anonymous_18)
FNDA:1,(anonymous_19)
FNDA:0,(anonymous_20)
FNDA:1,(anonymous_21)
FNDA:1,(anonymous_24)
DA:1,1
DA:12,1
DA:14,1
DA:16,1
DA:19,2
DA:20,2
DA:23,1
DA:24,2
DA:25,2
DA:26,2
DA:27,2
DA:30,2
DA:32,1
DA:33,1
DA:35,1
DA:36,1
DA:38,1
DA:39,1
DA:41,1
DA:42,0
DA:44,1
DA:45,1
DA:47,1
DA:51,1
DA:52,0
DA:55,2
DA:57,2
DA:62,1
DA:64,1
DA:67,1
DA:69,2
DA:71,1
LF:32
LH:30
BRDA:19,0,0,2
BRDA:25,1,0,2
BRDA:25,1,1,0
BRDA:30,2,0,1
BRDA:35,3,0,0
BRDA:35,3,1,1
BRDA:35,4,0,1
BRDA:35,4,1,1
BRDA:69,5,0,1
BRF:9
BRH:7
end_of_record
TN:
SF:src/mongoqueue_model_mongo/job/index.ts
FN:4,(anonymous_0)
FN:8,JobModel
FN:13,(anonymous_2)
FNF:3
FNH:3
FNDA:1,(anonymous_0)
FNDA:1,JobModel
FNDA:1,(anonymous_2)
DA:1,1
DA:4,1
DA:10,1
DA:13,1
DA:14,1
DA:17,1
LF:6
LH:6
BRF:0
BRH:0
end_of_record
TN:
SF:src/mongoqueue_model_mongo/job/job_model_mongo.constant.ts
FNF:0
FNH:0
DA:1,1
LF:1
LH:1
BRF:0
BRH:0
end_of_record
TN:
SF:src/mongoqueue_model_mongo/job/job_model_mongo.schema.ts
FNF:0
FNH:0
DA:1,1
DA:5,1
DA:7,1
DA:40,1
LF:4
LH:4
BRF:0
BRH:0
end_of_record
TN:
SF:src/mongoqueue_model_mongo/job/job_model_mongo.service.ts
FN:8,(anonymous_13)
FN:10,JobModelService
FN:15,(anonymous_15)
FN:24,(anonymous_18)
FN:29,(anonymous_21)
FN:34,(anonymous_24)
FN:39,(anonymous_27)
FN:44,(anonymous_30)
FN:49,(anonymous_33)
FNF:9
FNH:2
FNDA:1,(anonymous_13)
FNDA:1,JobModelService
FNDA:0,(anonymous_15)
FNDA:0,(anonymous_18)
FNDA:0,(anonymous_21)
FNDA:0,(anonymous_24)
FNDA:0,(anonymous_27)
FNDA:0,(anonymous_30)
FNDA:0,(anonymous_33)
DA:1,1
DA:4,1
DA:5,1
DA:8,1
DA:12,1
DA:15,1
DA:16,0
DA:17,0
DA:19,0
DA:20,0
DA:21,0
DA:24,1
DA:25,0
DA:26,0
DA:29,1
DA:30,0
DA:31,0
DA:34,1
DA:35,0
DA:36,0
DA:39,1
DA:40,0
DA:41,0
DA:44,1
DA:45,0
DA:46,0
DA:49,1
DA:50,0
DA:52,0
DA:53,0
DA:56,0
DA:58,1
LF:32
LH:13
BRDA:19,0,0,0
BRDA:19,0,1,0
BRDA:19,1,0,0
BRDA:19,1,1,0
BRDA:19,2,0,0
BRDA:19,2,1,0
BRDA:20,3,0,0
BRDA:25,4,0,0
BRDA:25,4,1,0
BRDA:29,5,0,0
BRDA:30,6,0,0
BRDA:30,6,1,0
BRDA:34,7,0,0
BRDA:35,8,0,0
BRDA:35,8,1,0
BRDA:39,9,0,0
BRDA:40,10,0,0
BRDA:40,10,1,0
BRDA:45,11,0,0
BRDA:45,11,1,0
BRDA:53,12,0,0
BRDA:53,12,1,0
BRDA:50,13,0,0
BRF:23
BRH:0
end_of_record
TN:
SF:src/mongoqueue_model_mongo/queue/index.ts
FN:3,(anonymous_0)
FN:6,QueueModel
FN:11,(anonymous_2)
FNF:3
FNH:3
FNDA:1,(anonymous_0)
FNDA:1,QueueModel
FNDA:1,(anonymous_2)
DA:1,1
DA:3,1
DA:8,1
DA:11,1
DA:12,1
DA:15,1
LF:6
LH:6
BRF:0
BRH:0
end_of_record
TN:
SF:src/mongoqueue_model_mongo/queue/queue_model_mongo.schema.ts
FNF:0
FNH:0
DA:1,1
DA:5,1
LF:2
LH:2
BRF:0
BRH:0
end_of_record
TN:
SF:src/mongoqueue_model_mongo/queue/queue_model_mongo.service.ts
FN:8,(anonymous_13)
FN:10,QueueModelService
FN:16,(anonymous_15)
FN:21,(anonymous_16)
FN:30,(anonymous_19)
FN:35,(anonymous_22)
FN:40,(anonymous_25)
FN:45,(anonymous_28)
FN:50,(anonymous_31)
FN:55,(anonymous_34)
FNF:10
FNH:4
FNDA:1,(anonymous_13)
FNDA:1,QueueModelService
FNDA:0,(anonymous_15)
FNDA:1,(anonymous_16)
FNDA:0,(anonymous_19)
FNDA:0,(anonymous_22)
FNDA:0,(anonymous_25)
FNDA:1,(anonymous_28)
FNDA:0,(anonymous_31)
FNDA:0,(anonymous_34)
DA:1,1
DA:4,1
DA:5,1
DA:8,1
DA:12,1
DA:13,1
DA:16,1
DA:18,0
DA:21,1
DA:22,1
DA:23,1
DA:25,1
DA:26,2
DA:27,1
DA:30,1
DA:31,0
DA:32,0
DA:35,1
DA:36,0
DA:37,0
DA:40,1
DA:41,0
DA:42,0
DA:45,1
DA:46,1
DA:47,1
DA:50,1
DA:51,0
DA:52,0
DA:55,1
DA:56,0
DA:58,0
DA:59,0
DA:62,0
DA:64,1
LF:35
LH:22
BRDA:12,0,0,1
BRDA:25,1,0,1
BRDA:25,1,1,0
BRDA:25,2,0,0
BRDA:25,2,1,1
BRDA:25,3,0,1
BRDA:25,3,1,1
BRDA:26,4,0,0
BRDA:31,5,0,0
BRDA:31,5,1,0
BRDA:35,6,0,0
BRDA:36,7,0,0
BRDA:36,7,1,0
BRDA:40,8,0,0
BRDA:41,9,0,0
BRDA:41,9,1,0
BRDA:45,10,0,0
BRDA:46,11,0,1
BRDA:46,11,1,1
BRDA:51,12,0,0
BRDA:51,12,1,0
BRDA:59,13,0,0
BRDA:59,13,1,0
BRDA:56,14,0,0
BRF:24
BRH:7
end_of_record
