TN:
SF:index.ts
FN:4,(anonymous_0)
FN:11,(anonymous_1)
FN:16,(anonymous_2)
FN:21,(anonymous_3)
FNF:4
FNH:2
FNDA:0,(anonymous_0)
FNDA:1,(anonymous_1)
FNDA:1,(anonymous_2)
FNDA:0,(anonymous_3)
DA:1,1
DA:4,1
DA:7,1
DA:13,1
DA:18,1
DA:23,0
DA:25,0
DA:30,0
LF:8
LH:5
BRDA:23,0,0,0
BRDA:23,0,1,0
BRF:2
BRH:0
end_of_record
TN:
SF:mongoqueue.service.ts
FN:27,(anonymous_7)
FN:10,(anonymous_8)
FN:15,(anonymous_9)
FN:35,(anonymous_10)
FN:39,(anonymous_12)
FN:53,(anonymous_14)
FN:62,(anonymous_16)
FN:67,(anonymous_18)
FN:71,(anonymous_20)
FN:91,(anonymous_22)
FN:95,(anonymous_24)
FN:99,(anonymous_26)
FN:120,(anonymous_28)
FN:128,(anonymous_30)
FNF:14
FNH:2
FNDA:1,(anonymous_7)
FNDA:0,(anonymous_8)
FNDA:0,(anonymous_9)
FNDA:0,(anonymous_10)
FNDA:1,(anonymous_12)
FNDA:0,(anonymous_14)
FNDA:0,(anonymous_16)
FNDA:0,(anonymous_18)
FNDA:0,(anonymous_20)
FNDA:0,(anonymous_22)
FNDA:0,(anonymous_24)
FNDA:0,(anonymous_26)
FNDA:0,(anonymous_28)
FNDA:0,(anonymous_30)
DA:1,1
DA:6,1
DA:8,1
DA:12,0
DA:17,0
DA:19,0
DA:29,1
DA:30,1
DA:31,1
DA:36,0
DA:40,1
DA:46,1
DA:49,1
DA:50,1
DA:54,0
DA:59,0
DA:63,0
DA:68,0
DA:73,0
DA:75,0
DA:78,0
DA:81,0
DA:82,0
DA:85,0
DA:88,0
DA:92,0
DA:96,0
DA:105,0
DA:108,0
DA:111,0
DA:112,0
DA:113,0
DA:114,0
DA:117,0
DA:121,0
DA:122,0
DA:123,0
DA:125,0
DA:129,0
DA:130,0
DA:131,0
DA:133,0
LF:42
LH:10
BRDA:43,0,0,0
BRDA:43,0,1,1
BRDA:43,1,0,1
BRDA:43,1,1,1
BRDA:44,2,0,0
BRDA:44,2,1,1
BRDA:44,3,0,1
BRDA:44,3,1,1
BRDA:53,4,0,0
BRDA:57,5,0,0
BRDA:57,5,1,0
BRDA:57,6,0,0
BRDA:57,6,1,0
BRDA:58,7,0,0
BRDA:58,7,1,0
BRDA:58,8,0,0
BRDA:58,8,1,0
BRDA:78,9,0,0
BRDA:78,9,1,0
BRDA:91,10,0,0
BRDA:111,11,0,0
BRDA:111,11,1,0
BRDA:111,12,0,0
BRDA:111,12,1,0
BRF:24
BRH:6
end_of_record
TN:
SF:mongoqueue_model_mongo/index.ts
FNF:0
FNH:0
DA:1,1
DA:2,1
LF:2
LH:2
BRF:0
BRH:0
end_of_record
TN:
SF:mongoqueue_model_mongo/mongoqueue_model_mongo.connection.ts
FN:18,(anonymous_7)
FN:23,(anonymous_8)
FN:38,(anonymous_9)
FN:41,(anonymous_10)
FN:44,(anonymous_11)
FN:47,(anonymous_12)
FN:50,(anonymous_13)
FN:61,(anonymous_14)
FNF:8
FNH:4
FNDA:1,(anonymous_7)
FNDA:1,(anonymous_8)
FNDA:0,(anonymous_9)
FNDA:0,(anonymous_10)
FNDA:0,(anonymous_11)
FNDA:0,(anonymous_12)
FNDA:1,(anonymous_13)
FNDA:1,(anonymous_14)
DA:1,1
DA:12,1
DA:14,1
DA:16,1
DA:19,1
DA:20,1
DA:24,1
DA:25,1
DA:26,1
DA:27,1
DA:30,1
DA:32,1
DA:33,1
DA:35,1
DA:36,1
DA:38,1
DA:39,0
DA:41,1
DA:42,0
DA:44,1
DA:45,0
DA:47,1
DA:48,0
DA:50,1
DA:51,1
DA:54,1
DA:56,1
DA:63,1
LF:28
LH:24
BRDA:19,0,0,1
BRDA:25,1,0,1
BRDA:25,1,1,0
BRDA:30,2,0,1
BRDA:35,3,0,0
BRDA:35,3,1,1
BRDA:35,4,0,1
BRDA:35,4,1,1
BRF:8
BRH:6
end_of_record
TN:
SF:mongoqueue_model_mongo/job/index.ts
FN:8,(anonymous_0)
FN:13,(anonymous_1)
FNF:2
FNH:2
FNDA:1,(anonymous_0)
FNDA:1,(anonymous_1)
DA:1,1
DA:4,1
DA:10,1
DA:14,1
LF:4
LH:4
BRF:0
BRH:0
end_of_record
TN:
SF:mongoqueue_model_mongo/job/job_model_mongo.constant.ts
FNF:0
FNH:0
DA:1,1
LF:1
LH:1
BRF:0
BRH:0
end_of_record
TN:
SF:mongoqueue_model_mongo/job/job_model_mongo.schema.ts
FNF:0
FNH:0
DA:1,1
DA:5,1
DA:7,1
DA:40,1
LF:4
LH:4
BRF:0
BRH:0
end_of_record
TN:
SF:mongoqueue_model_mongo/job/job_model_mongo.service.ts
FN:10,(anonymous_7)
FN:15,(anonymous_8)
FN:24,(anonymous_10)
FN:29,(anonymous_12)
FN:34,(anonymous_14)
FN:39,(anonymous_16)
FN:44,(anonymous_18)
FN:49,(anonymous_20)
FNF:8
FNH:1
FNDA:1,(anonymous_7)
FNDA:0,(anonymous_8)
FNDA:0,(anonymous_10)
FNDA:0,(anonymous_12)
FNDA:0,(anonymous_14)
FNDA:0,(anonymous_16)
FNDA:0,(anonymous_18)
FNDA:0,(anonymous_20)
DA:1,1
DA:4,1
DA:5,1
DA:8,1
DA:12,1
DA:16,0
DA:17,0
DA:19,0
DA:20,0
DA:21,0
DA:25,0
DA:26,0
DA:30,0
DA:31,0
DA:35,0
DA:36,0
DA:40,0
DA:41,0
DA:45,0
DA:46,0
DA:50,0
DA:52,0
DA:53,0
DA:56,0
LF:24
LH:5
BRDA:19,0,0,0
BRDA:19,0,1,0
BRDA:19,1,0,0
BRDA:19,1,1,0
BRDA:19,2,0,0
BRDA:19,2,1,0
BRDA:20,3,0,0
BRDA:20,3,1,0
BRDA:29,4,0,0
BRDA:34,5,0,0
BRDA:39,6,0,0
BRDA:50,7,0,0
BRDA:50,7,1,0
BRF:13
BRH:0
end_of_record
TN:
SF:mongoqueue_model_mongo/queue/index.ts
FN:7,(anonymous_0)
FN:12,(anonymous_1)
FNF:2
FNH:2
FNDA:1,(anonymous_0)
FNDA:1,(anonymous_1)
DA:1,1
DA:4,1
DA:9,1
DA:13,1
LF:4
LH:4
BRF:0
BRH:0
end_of_record
TN:
SF:mongoqueue_model_mongo/queue/queue_model_mongo.schema.ts
FNF:0
FNH:0
DA:1,1
DA:5,1
LF:2
LH:2
BRF:0
BRH:0
end_of_record
TN:
SF:mongoqueue_model_mongo/queue/queue_model_mongo.service.ts
FN:10,(anonymous_7)
FN:16,(anonymous_8)
FN:21,(anonymous_9)
FN:30,(anonymous_11)
FN:35,(anonymous_13)
FN:40,(anonymous_15)
FN:45,(anonymous_17)
FN:50,(anonymous_19)
FN:55,(anonymous_21)
FNF:9
FNH:3
FNDA:1,(anonymous_7)
FNDA:0,(anonymous_8)
FNDA:1,(anonymous_9)
FNDA:0,(anonymous_11)
FNDA:0,(anonymous_13)
FNDA:0,(anonymous_15)
FNDA:1,(anonymous_17)
FNDA:0,(anonymous_19)
FNDA:0,(anonymous_21)
DA:1,1
DA:4,1
DA:5,1
DA:8,1
DA:12,1
DA:13,1
DA:18,0
DA:22,1
DA:23,1
DA:25,1
DA:26,1
DA:27,1
DA:31,0
DA:32,0
DA:36,0
DA:37,0
DA:41,0
DA:42,0
DA:46,1
DA:47,1
DA:51,0
DA:52,0
DA:56,0
DA:58,0
DA:59,0
DA:62,0
LF:26
LH:13
BRDA:12,0,0,1
BRDA:25,1,0,1
BRDA:25,1,1,0
BRDA:25,2,0,0
BRDA:25,2,1,1
BRDA:25,3,0,1
BRDA:25,3,1,1
BRDA:26,4,0,1
BRDA:26,4,1,1
BRDA:35,5,0,0
BRDA:40,6,0,0
BRDA:45,7,0,0
BRDA:56,8,0,0
BRDA:56,8,1,0
BRF:14
BRH:7
end_of_record
